<?xml version="1.0" encoding="UTF-8"?>
<testsuite xmlns:xsi="http://www.w3.org/2001/XMLSchema-instance" xsi:noNamespaceSchemaLocation="https://maven.apache.org/surefire/maven-surefire-plugin/xsd/surefire-test-report.xsd" name="com.formacionbdi.springboot.app.items.SpringbootServicioItemsApplicationTests" time="0.001" tests="1" errors="0" skipped="0" failures="0">
  <properties>
    <property name="sun.desktop" value="gnome"/>
    <property name="awt.toolkit" value="sun.awt.X11.XToolkit"/>
    <property name="file.encoding.pkg" value="sun.io"/>
    <property name="java.specification.version" value="1.8"/>
    <property name="sun.cpu.isalist" value=""/>
    <property name="sun.jnu.encoding" value="UTF-8"/>
    <property name="java.class.path" value="/home/nicolas/Escritorio/Amisoft/Unificado/Git/prueba-integracion-continua/Microservicio2/target/test-classes:/home/nicolas/Escritorio/Amisoft/Unificado/Git/prueba-integracion-continua/Microservicio2/target/classes:/home/nicolas/.m2/repository/org/springframework/boot/spring-boot-starter-web/2.3.8.RELEASE/spring-boot-starter-web-2.3.8.RELEASE.jar:/home/nicolas/.m2/repository/org/springframework/boot/spring-boot-starter/2.3.8.RELEASE/spring-boot-starter-2.3.8.RELEASE.jar:/home/nicolas/.m2/repository/org/springframework/boot/spring-boot-starter-logging/2.3.8.RELEASE/spring-boot-starter-logging-2.3.8.RELEASE.jar:/home/nicolas/.m2/repository/ch/qos/logback/logback-classic/1.2.3/logback-classic-1.2.3.jar:/home/nicolas/.m2/repository/ch/qos/logback/logback-core/1.2.3/logback-core-1.2.3.jar:/home/nicolas/.m2/repository/org/apache/logging/log4j/log4j-to-slf4j/2.13.3/log4j-to-slf4j-2.13.3.jar:/home/nicolas/.m2/repository/org/apache/logging/log4j/log4j-api/2.13.3/log4j-api-2.13.3.jar:/home/nicolas/.m2/repository/org/slf4j/jul-to-slf4j/1.7.30/jul-to-slf4j-1.7.30.jar:/home/nicolas/.m2/repository/jakarta/annotation/jakarta.annotation-api/1.3.5/jakarta.annotation-api-1.3.5.jar:/home/nicolas/.m2/repository/org/yaml/snakeyaml/1.26/snakeyaml-1.26.jar:/home/nicolas/.m2/repository/org/springframework/boot/spring-boot-starter-json/2.3.8.RELEASE/spring-boot-starter-json-2.3.8.RELEASE.jar:/home/nicolas/.m2/repository/com/fasterxml/jackson/datatype/jackson-datatype-jdk8/2.11.4/jackson-datatype-jdk8-2.11.4.jar:/home/nicolas/.m2/repository/com/fasterxml/jackson/datatype/jackson-datatype-jsr310/2.11.4/jackson-datatype-jsr310-2.11.4.jar:/home/nicolas/.m2/repository/com/fasterxml/jackson/module/jackson-module-parameter-names/2.11.4/jackson-module-parameter-names-2.11.4.jar:/home/nicolas/.m2/repository/org/springframework/boot/spring-boot-starter-tomcat/2.3.8.RELEASE/spring-boot-starter-tomcat-2.3.8.RELEASE.jar:/home/nicolas/.m2/repository/org/apache/tomcat/embed/tomcat-embed-core/9.0.41/tomcat-embed-core-9.0.41.jar:/home/nicolas/.m2/repository/org/apache/tomcat/embed/tomcat-embed-websocket/9.0.41/tomcat-embed-websocket-9.0.41.jar:/home/nicolas/.m2/repository/org/springframework/spring-web/5.2.12.RELEASE/spring-web-5.2.12.RELEASE.jar:/home/nicolas/.m2/repository/org/springframework/spring-beans/5.2.12.RELEASE/spring-beans-5.2.12.RELEASE.jar:/home/nicolas/.m2/repository/org/springframework/spring-webmvc/5.2.12.RELEASE/spring-webmvc-5.2.12.RELEASE.jar:/home/nicolas/.m2/repository/org/springframework/spring-aop/5.2.12.RELEASE/spring-aop-5.2.12.RELEASE.jar:/home/nicolas/.m2/repository/org/springframework/spring-context/5.2.12.RELEASE/spring-context-5.2.12.RELEASE.jar:/home/nicolas/.m2/repository/org/springframework/spring-expression/5.2.12.RELEASE/spring-expression-5.2.12.RELEASE.jar:/home/nicolas/.m2/repository/org/springframework/boot/spring-boot-starter-actuator/2.3.8.RELEASE/spring-boot-starter-actuator-2.3.8.RELEASE.jar:/home/nicolas/.m2/repository/org/springframework/boot/spring-boot-actuator-autoconfigure/2.3.8.RELEASE/spring-boot-actuator-autoconfigure-2.3.8.RELEASE.jar:/home/nicolas/.m2/repository/org/springframework/boot/spring-boot-actuator/2.3.8.RELEASE/spring-boot-actuator-2.3.8.RELEASE.jar:/home/nicolas/.m2/repository/io/micrometer/micrometer-core/1.5.10/micrometer-core-1.5.10.jar:/home/nicolas/.m2/repository/org/hdrhistogram/HdrHistogram/2.1.12/HdrHistogram-2.1.12.jar:/home/nicolas/.m2/repository/org/latencyutils/LatencyUtils/2.0.3/LatencyUtils-2.0.3.jar:/home/nicolas/.m2/repository/org/springframework/boot/spring-boot-starter-validation/2.3.8.RELEASE/spring-boot-starter-validation-2.3.8.RELEASE.jar:/home/nicolas/.m2/repository/org/glassfish/jakarta.el/3.0.3/jakarta.el-3.0.3.jar:/home/nicolas/.m2/repository/org/hibernate/validator/hibernate-validator/6.1.7.Final/hibernate-validator-6.1.7.Final.jar:/home/nicolas/.m2/repository/jakarta/validation/jakarta.validation-api/2.0.2/jakarta.validation-api-2.0.2.jar:/home/nicolas/.m2/repository/org/jboss/logging/jboss-logging/3.4.1.Final/jboss-logging-3.4.1.Final.jar:/home/nicolas/.m2/repository/com/fasterxml/classmate/1.5.1/classmate-1.5.1.jar:/home/nicolas/.m2/repository/org/springframework/boot/spring-boot-devtools/2.3.8.RELEASE/spring-boot-devtools-2.3.8.RELEASE.jar:/home/nicolas/.m2/repository/org/springframework/boot/spring-boot/2.3.8.RELEASE/spring-boot-2.3.8.RELEASE.jar:/home/nicolas/.m2/repository/org/springframework/boot/spring-boot-autoconfigure/2.3.8.RELEASE/spring-boot-autoconfigure-2.3.8.RELEASE.jar:/home/nicolas/.m2/repository/org/springframework/boot/spring-boot-starter-test/2.3.8.RELEASE/spring-boot-starter-test-2.3.8.RELEASE.jar:/home/nicolas/.m2/repository/org/springframework/boot/spring-boot-test/2.3.8.RELEASE/spring-boot-test-2.3.8.RELEASE.jar:/home/nicolas/.m2/repository/org/springframework/boot/spring-boot-test-autoconfigure/2.3.8.RELEASE/spring-boot-test-autoconfigure-2.3.8.RELEASE.jar:/home/nicolas/.m2/repository/com/jayway/jsonpath/json-path/2.4.0/json-path-2.4.0.jar:/home/nicolas/.m2/repository/net/minidev/json-smart/2.3/json-smart-2.3.jar:/home/nicolas/.m2/repository/net/minidev/accessors-smart/1.2/accessors-smart-1.2.jar:/home/nicolas/.m2/repository/org/slf4j/slf4j-api/1.7.30/slf4j-api-1.7.30.jar:/home/nicolas/.m2/repository/jakarta/xml/bind/jakarta.xml.bind-api/2.3.3/jakarta.xml.bind-api-2.3.3.jar:/home/nicolas/.m2/repository/jakarta/activation/jakarta.activation-api/1.2.2/jakarta.activation-api-1.2.2.jar:/home/nicolas/.m2/repository/org/assertj/assertj-core/3.16.1/assertj-core-3.16.1.jar:/home/nicolas/.m2/repository/org/hamcrest/hamcrest/2.2/hamcrest-2.2.jar:/home/nicolas/.m2/repository/org/junit/jupiter/junit-jupiter/5.6.3/junit-jupiter-5.6.3.jar:/home/nicolas/.m2/repository/org/junit/jupiter/junit-jupiter-api/5.6.3/junit-jupiter-api-5.6.3.jar:/home/nicolas/.m2/repository/org/apiguardian/apiguardian-api/1.1.0/apiguardian-api-1.1.0.jar:/home/nicolas/.m2/repository/org/opentest4j/opentest4j/1.2.0/opentest4j-1.2.0.jar:/home/nicolas/.m2/repository/org/junit/platform/junit-platform-commons/1.6.3/junit-platform-commons-1.6.3.jar:/home/nicolas/.m2/repository/org/junit/jupiter/junit-jupiter-params/5.6.3/junit-jupiter-params-5.6.3.jar:/home/nicolas/.m2/repository/org/junit/jupiter/junit-jupiter-engine/5.6.3/junit-jupiter-engine-5.6.3.jar:/home/nicolas/.m2/repository/org/junit/platform/junit-platform-engine/1.6.3/junit-platform-engine-1.6.3.jar:/home/nicolas/.m2/repository/org/mockito/mockito-core/3.3.3/mockito-core-3.3.3.jar:/home/nicolas/.m2/repository/net/bytebuddy/byte-buddy/1.10.19/byte-buddy-1.10.19.jar:/home/nicolas/.m2/repository/net/bytebuddy/byte-buddy-agent/1.10.19/byte-buddy-agent-1.10.19.jar:/home/nicolas/.m2/repository/org/objenesis/objenesis/2.6/objenesis-2.6.jar:/home/nicolas/.m2/repository/org/mockito/mockito-junit-jupiter/3.3.3/mockito-junit-jupiter-3.3.3.jar:/home/nicolas/.m2/repository/org/skyscreamer/jsonassert/1.5.0/jsonassert-1.5.0.jar:/home/nicolas/.m2/repository/com/vaadin/external/google/android-json/0.0.20131108.vaadin1/android-json-0.0.20131108.vaadin1.jar:/home/nicolas/.m2/repository/org/springframework/spring-core/5.2.12.RELEASE/spring-core-5.2.12.RELEASE.jar:/home/nicolas/.m2/repository/org/springframework/spring-jcl/5.2.12.RELEASE/spring-jcl-5.2.12.RELEASE.jar:/home/nicolas/.m2/repository/org/springframework/spring-test/5.2.12.RELEASE/spring-test-5.2.12.RELEASE.jar:/home/nicolas/.m2/repository/org/xmlunit/xmlunit-core/2.7.0/xmlunit-core-2.7.0.jar:/home/nicolas/.m2/repository/org/springframework/cloud/spring-cloud-starter-openfeign/2.2.0.RELEASE/spring-cloud-starter-openfeign-2.2.0.RELEASE.jar:/home/nicolas/.m2/repository/org/springframework/cloud/spring-cloud-starter/2.2.0.RELEASE/spring-cloud-starter-2.2.0.RELEASE.jar:/home/nicolas/.m2/repository/org/springframework/cloud/spring-cloud-context/2.2.0.RELEASE/spring-cloud-context-2.2.0.RELEASE.jar:/home/nicolas/.m2/repository/org/springframework/security/spring-security-rsa/1.0.7.RELEASE/spring-security-rsa-1.0.7.RELEASE.jar:/home/nicolas/.m2/repository/org/bouncycastle/bcpkix-jdk15on/1.60/bcpkix-jdk15on-1.60.jar:/home/nicolas/.m2/repository/org/bouncycastle/bcprov-jdk15on/1.60/bcprov-jdk15on-1.60.jar:/home/nicolas/.m2/repository/org/springframework/cloud/spring-cloud-openfeign-core/2.2.0.RELEASE/spring-cloud-openfeign-core-2.2.0.RELEASE.jar:/home/nicolas/.m2/repository/io/github/openfeign/form/feign-form-spring/3.8.0/feign-form-spring-3.8.0.jar:/home/nicolas/.m2/repository/io/github/openfeign/form/feign-form/3.8.0/feign-form-3.8.0.jar:/home/nicolas/.m2/repository/commons-fileupload/commons-fileupload/1.4/commons-fileupload-1.4.jar:/home/nicolas/.m2/repository/commons-io/commons-io/2.2/commons-io-2.2.jar:/home/nicolas/.m2/repository/org/springframework/cloud/spring-cloud-commons/2.2.0.RELEASE/spring-cloud-commons-2.2.0.RELEASE.jar:/home/nicolas/.m2/repository/org/springframework/security/spring-security-crypto/5.3.6.RELEASE/spring-security-crypto-5.3.6.RELEASE.jar:/home/nicolas/.m2/repository/io/github/openfeign/feign-core/10.4.0/feign-core-10.4.0.jar:/home/nicolas/.m2/repository/io/github/openfeign/feign-slf4j/10.4.0/feign-slf4j-10.4.0.jar:/home/nicolas/.m2/repository/io/github/openfeign/feign-hystrix/10.4.0/feign-hystrix-10.4.0.jar:/home/nicolas/.m2/repository/com/netflix/archaius/archaius-core/0.7.6/archaius-core-0.7.6.jar:/home/nicolas/.m2/repository/com/google/code/findbugs/jsr305/3.0.1/jsr305-3.0.1.jar:/home/nicolas/.m2/repository/org/springframework/cloud/spring-cloud-starter-netflix-eureka-client/2.2.0.RELEASE/spring-cloud-starter-netflix-eureka-client-2.2.0.RELEASE.jar:/home/nicolas/.m2/repository/org/springframework/cloud/spring-cloud-netflix-hystrix/2.2.0.RELEASE/spring-cloud-netflix-hystrix-2.2.0.RELEASE.jar:/home/nicolas/.m2/repository/org/springframework/cloud/spring-cloud-netflix-eureka-client/2.2.0.RELEASE/spring-cloud-netflix-eureka-client-2.2.0.RELEASE.jar:/home/nicolas/.m2/repository/com/netflix/eureka/eureka-client/1.9.13/eureka-client-1.9.13.jar:/home/nicolas/.m2/repository/org/codehaus/jettison/jettison/1.3.7/jettison-1.3.7.jar:/home/nicolas/.m2/repository/stax/stax-api/1.0.1/stax-api-1.0.1.jar:/home/nicolas/.m2/repository/com/netflix/netflix-commons/netflix-eventbus/0.3.0/netflix-eventbus-0.3.0.jar:/home/nicolas/.m2/repository/com/netflix/netflix-commons/netflix-infix/0.3.0/netflix-infix-0.3.0.jar:/home/nicolas/.m2/repository/commons-jxpath/commons-jxpath/1.3/commons-jxpath-1.3.jar:/home/nicolas/.m2/repository/joda-time/joda-time/2.3/joda-time-2.3.jar:/home/nicolas/.m2/repository/org/antlr/antlr-runtime/3.4/antlr-runtime-3.4.jar:/home/nicolas/.m2/repository/org/antlr/stringtemplate/3.2.1/stringtemplate-3.2.1.jar:/home/nicolas/.m2/repository/antlr/antlr/2.7.7/antlr-2.7.7.jar:/home/nicolas/.m2/repository/com/google/code/gson/gson/2.8.6/gson-2.8.6.jar:/home/nicolas/.m2/repository/org/apache/commons/commons-math/2.2/commons-math-2.2.jar:/home/nicolas/.m2/repository/javax/ws/rs/jsr311-api/1.1.1/jsr311-api-1.1.1.jar:/home/nicolas/.m2/repository/com/netflix/servo/servo-core/0.12.21/servo-core-0.12.21.jar:/home/nicolas/.m2/repository/com/sun/jersey/jersey-core/1.19.1/jersey-core-1.19.1.jar:/home/nicolas/.m2/repository/com/sun/jersey/jersey-client/1.19.1/jersey-client-1.19.1.jar:/home/nicolas/.m2/repository/com/sun/jersey/contribs/jersey-apache-client4/1.19.1/jersey-apache-client4-1.19.1.jar:/home/nicolas/.m2/repository/org/apache/httpcomponents/httpclient/4.5.13/httpclient-4.5.13.jar:/home/nicolas/.m2/repository/org/apache/httpcomponents/httpcore/4.4.14/httpcore-4.4.14.jar:/home/nicolas/.m2/repository/commons-codec/commons-codec/1.14/commons-codec-1.14.jar:/home/nicolas/.m2/repository/com/google/inject/guice/4.1.0/guice-4.1.0.jar:/home/nicolas/.m2/repository/javax/inject/javax.inject/1/javax.inject-1.jar:/home/nicolas/.m2/repository/aopalliance/aopalliance/1.0/aopalliance-1.0.jar:/home/nicolas/.m2/repository/com/fasterxml/jackson/core/jackson-annotations/2.11.4/jackson-annotations-2.11.4.jar:/home/nicolas/.m2/repository/com/fasterxml/jackson/core/jackson-core/2.11.4/jackson-core-2.11.4.jar:/home/nicolas/.m2/repository/com/netflix/eureka/eureka-core/1.9.13/eureka-core-1.9.13.jar:/home/nicolas/.m2/repository/com/fasterxml/woodstox/woodstox-core/5.2.1/woodstox-core-5.2.1.jar:/home/nicolas/.m2/repository/org/codehaus/woodstox/stax2-api/4.2/stax2-api-4.2.jar:/home/nicolas/.m2/repository/org/springframework/cloud/spring-cloud-starter-netflix-archaius/2.2.0.RELEASE/spring-cloud-starter-netflix-archaius-2.2.0.RELEASE.jar:/home/nicolas/.m2/repository/org/springframework/cloud/spring-cloud-netflix-archaius/2.2.0.RELEASE/spring-cloud-netflix-archaius-2.2.0.RELEASE.jar:/home/nicolas/.m2/repository/commons-configuration/commons-configuration/1.8/commons-configuration-1.8.jar:/home/nicolas/.m2/repository/commons-lang/commons-lang/2.6/commons-lang-2.6.jar:/home/nicolas/.m2/repository/org/springframework/cloud/spring-cloud-starter-netflix-ribbon/2.2.0.RELEASE/spring-cloud-starter-netflix-ribbon-2.2.0.RELEASE.jar:/home/nicolas/.m2/repository/com/netflix/ribbon/ribbon/2.3.0/ribbon-2.3.0.jar:/home/nicolas/.m2/repository/com/netflix/ribbon/ribbon-transport/2.3.0/ribbon-transport-2.3.0.jar:/home/nicolas/.m2/repository/io/reactivex/rxnetty-contexts/0.4.9/rxnetty-contexts-0.4.9.jar:/home/nicolas/.m2/repository/io/reactivex/rxnetty-servo/0.4.9/rxnetty-servo-0.4.9.jar:/home/nicolas/.m2/repository/io/reactivex/rxnetty/0.4.9/rxnetty-0.4.9.jar:/home/nicolas/.m2/repository/com/netflix/ribbon/ribbon-core/2.3.0/ribbon-core-2.3.0.jar:/home/nicolas/.m2/repository/com/netflix/ribbon/ribbon-httpclient/2.3.0/ribbon-httpclient-2.3.0.jar:/home/nicolas/.m2/repository/commons-collections/commons-collections/3.2.2/commons-collections-3.2.2.jar:/home/nicolas/.m2/repository/com/netflix/netflix-commons/netflix-commons-util/0.3.0/netflix-commons-util-0.3.0.jar:/home/nicolas/.m2/repository/com/netflix/ribbon/ribbon-loadbalancer/2.3.0/ribbon-loadbalancer-2.3.0.jar:/home/nicolas/.m2/repository/com/netflix/netflix-commons/netflix-statistics/0.1.1/netflix-statistics-0.1.1.jar:/home/nicolas/.m2/repository/io/reactivex/rxjava/1.3.8/rxjava-1.3.8.jar:/home/nicolas/.m2/repository/org/springframework/cloud/spring-cloud-starter-loadbalancer/2.2.0.RELEASE/spring-cloud-starter-loadbalancer-2.2.0.RELEASE.jar:/home/nicolas/.m2/repository/org/springframework/cloud/spring-cloud-loadbalancer/2.2.0.RELEASE/spring-cloud-loadbalancer-2.2.0.RELEASE.jar:/home/nicolas/.m2/repository/io/projectreactor/reactor-core/3.3.13.RELEASE/reactor-core-3.3.13.RELEASE.jar:/home/nicolas/.m2/repository/io/projectreactor/addons/reactor-extra/3.3.5.RELEASE/reactor-extra-3.3.5.RELEASE.jar:/home/nicolas/.m2/repository/org/springframework/boot/spring-boot-starter-cache/2.3.8.RELEASE/spring-boot-starter-cache-2.3.8.RELEASE.jar:/home/nicolas/.m2/repository/org/springframework/spring-context-support/5.2.12.RELEASE/spring-context-support-5.2.12.RELEASE.jar:/home/nicolas/.m2/repository/com/stoyanr/evictor/1.0.0/evictor-1.0.0.jar:/home/nicolas/.m2/repository/com/netflix/ribbon/ribbon-eureka/2.3.0/ribbon-eureka-2.3.0.jar:/home/nicolas/.m2/repository/com/thoughtworks/xstream/xstream/1.4.11.1/xstream-1.4.11.1.jar:/home/nicolas/.m2/repository/xmlpull/xmlpull/1.1.3.1/xmlpull-1.1.3.1.jar:/home/nicolas/.m2/repository/xpp3/xpp3_min/1.1.4c/xpp3_min-1.1.4c.jar:/home/nicolas/.m2/repository/org/springframework/cloud/spring-cloud-starter-config/2.2.0.RELEASE/spring-cloud-starter-config-2.2.0.RELEASE.jar:/home/nicolas/.m2/repository/org/springframework/cloud/spring-cloud-config-client/2.2.0.RELEASE/spring-cloud-config-client-2.2.0.RELEASE.jar:/home/nicolas/.m2/repository/com/fasterxml/jackson/core/jackson-databind/2.11.4/jackson-databind-2.11.4.jar:/home/nicolas/.m2/repository/org/springframework/cloud/spring-cloud-starter-netflix-hystrix/2.2.0.RELEASE/spring-cloud-starter-netflix-hystrix-2.2.0.RELEASE.jar:/home/nicolas/.m2/repository/org/springframework/cloud/spring-cloud-netflix-ribbon/2.2.0.RELEASE/spring-cloud-netflix-ribbon-2.2.0.RELEASE.jar:/home/nicolas/.m2/repository/com/netflix/hystrix/hystrix-core/1.5.18/hystrix-core-1.5.18.jar:/home/nicolas/.m2/repository/com/netflix/hystrix/hystrix-serialization/1.5.18/hystrix-serialization-1.5.18.jar:/home/nicolas/.m2/repository/com/fasterxml/jackson/module/jackson-module-afterburner/2.11.4/jackson-module-afterburner-2.11.4.jar:/home/nicolas/.m2/repository/com/netflix/hystrix/hystrix-metrics-event-stream/1.5.18/hystrix-metrics-event-stream-1.5.18.jar:/home/nicolas/.m2/repository/com/netflix/hystrix/hystrix-javanica/1.5.18/hystrix-javanica-1.5.18.jar:/home/nicolas/.m2/repository/org/apache/commons/commons-lang3/3.10/commons-lang3-3.10.jar:/home/nicolas/.m2/repository/org/ow2/asm/asm/5.0.4/asm-5.0.4.jar:/home/nicolas/.m2/repository/org/aspectj/aspectjweaver/1.9.6/aspectjweaver-1.9.6.jar:/home/nicolas/.m2/repository/com/google/guava/guava/15.0/guava-15.0.jar:/home/nicolas/.m2/repository/io/reactivex/rxjava-reactive-streams/1.2.1/rxjava-reactive-streams-1.2.1.jar:/home/nicolas/.m2/repository/org/reactivestreams/reactive-streams/1.0.3/reactive-streams-1.0.3.jar:/home/nicolas/.m2/repository/org/springframework/cloud/spring-cloud-starter-netflix-hystrix-dashboard/2.2.0.RELEASE/spring-cloud-starter-netflix-hystrix-dashboard-2.2.0.RELEASE.jar:/home/nicolas/.m2/repository/org/springframework/cloud/spring-cloud-netflix-hystrix-dashboard/2.2.0.RELEASE/spring-cloud-netflix-hystrix-dashboard-2.2.0.RELEASE.jar:/home/nicolas/.m2/repository/org/springframework/boot/spring-boot-starter-freemarker/2.3.8.RELEASE/spring-boot-starter-freemarker-2.3.8.RELEASE.jar:/home/nicolas/.m2/repository/org/freemarker/freemarker/2.3.30/freemarker-2.3.30.jar:/home/nicolas/.m2/repository/org/webjars/jquery/2.1.1/jquery-2.1.1.jar:/home/nicolas/.m2/repository/org/webjars/d3js/3.4.11/d3js-3.4.11.jar:/home/nicolas/.m2/repository/org/springframework/cloud/spring-cloud-starter-sleuth/2.2.0.RELEASE/spring-cloud-starter-sleuth-2.2.0.RELEASE.jar:/home/nicolas/.m2/repository/org/springframework/boot/spring-boot-starter-aop/2.3.8.RELEASE/spring-boot-starter-aop-2.3.8.RELEASE.jar:/home/nicolas/.m2/repository/org/springframework/cloud/spring-cloud-sleuth-core/2.2.0.RELEASE/spring-cloud-sleuth-core-2.2.0.RELEASE.jar:/home/nicolas/.m2/repository/org/aspectj/aspectjrt/1.9.6/aspectjrt-1.9.6.jar:/home/nicolas/.m2/repository/io/zipkin/brave/brave/5.9.0/brave-5.9.0.jar:/home/nicolas/.m2/repository/io/zipkin/brave/brave-context-log4j2/5.9.0/brave-context-log4j2-5.9.0.jar:/home/nicolas/.m2/repository/io/zipkin/brave/brave-instrumentation-messaging/5.9.0/brave-instrumentation-messaging-5.9.0.jar:/home/nicolas/.m2/repository/io/zipkin/brave/brave-instrumentation-rpc/5.9.0/brave-instrumentation-rpc-5.9.0.jar:/home/nicolas/.m2/repository/io/zipkin/brave/brave-instrumentation-spring-web/5.9.0/brave-instrumentation-spring-web-5.9.0.jar:/home/nicolas/.m2/repository/io/zipkin/brave/brave-instrumentation-http/5.9.0/brave-instrumentation-http-5.9.0.jar:/home/nicolas/.m2/repository/io/zipkin/brave/brave-instrumentation-spring-rabbit/5.9.0/brave-instrumentation-spring-rabbit-5.9.0.jar:/home/nicolas/.m2/repository/io/zipkin/brave/brave-instrumentation-kafka-clients/5.9.0/brave-instrumentation-kafka-clients-5.9.0.jar:/home/nicolas/.m2/repository/io/zipkin/brave/brave-instrumentation-kafka-streams/5.9.0/brave-instrumentation-kafka-streams-5.9.0.jar:/home/nicolas/.m2/repository/io/zipkin/brave/brave-instrumentation-httpclient/5.9.0/brave-instrumentation-httpclient-5.9.0.jar:/home/nicolas/.m2/repository/io/zipkin/brave/brave-instrumentation-httpasyncclient/5.9.0/brave-instrumentation-httpasyncclient-5.9.0.jar:/home/nicolas/.m2/repository/io/zipkin/brave/brave-instrumentation-spring-webmvc/5.9.0/brave-instrumentation-spring-webmvc-5.9.0.jar:/home/nicolas/.m2/repository/io/zipkin/brave/brave-instrumentation-servlet/5.9.0/brave-instrumentation-servlet-5.9.0.jar:/home/nicolas/.m2/repository/io/zipkin/brave/brave-instrumentation-jms/5.9.0/brave-instrumentation-jms-5.9.0.jar:/home/nicolas/.m2/repository/io/zipkin/reporter2/zipkin-reporter-metrics-micrometer/2.11.0/zipkin-reporter-metrics-micrometer-2.11.0.jar:/home/nicolas/.m2/repository/org/springframework/cloud/spring-cloud-starter-zipkin/2.2.0.RELEASE/spring-cloud-starter-zipkin-2.2.0.RELEASE.jar:/home/nicolas/.m2/repository/org/springframework/cloud/spring-cloud-sleuth-zipkin/2.2.0.RELEASE/spring-cloud-sleuth-zipkin-2.2.0.RELEASE.jar:/home/nicolas/.m2/repository/io/zipkin/zipkin2/zipkin/2.19.0/zipkin-2.19.0.jar:/home/nicolas/.m2/repository/io/zipkin/reporter2/zipkin-reporter/2.11.0/zipkin-reporter-2.11.0.jar:/home/nicolas/.m2/repository/io/zipkin/reporter2/zipkin-sender-kafka/2.11.0/zipkin-sender-kafka-2.11.0.jar:/home/nicolas/.m2/repository/io/zipkin/reporter2/zipkin-sender-activemq-client/2.11.0/zipkin-sender-activemq-client-2.11.0.jar:/home/nicolas/.m2/repository/io/zipkin/reporter2/zipkin-sender-amqp-client/2.11.0/zipkin-sender-amqp-client-2.11.0.jar:/home/nicolas/.m2/repository/org/springframework/cloud/spring-cloud-starter-contract-stub-runner/2.2.0.RELEASE/spring-cloud-starter-contract-stub-runner-2.2.0.RELEASE.jar:/home/nicolas/.m2/repository/org/springframework/cloud/spring-cloud-contract-stub-runner/2.2.0.RELEASE/spring-cloud-contract-stub-runner-2.2.0.RELEASE.jar:/home/nicolas/.m2/repository/org/springframework/cloud/spring-cloud-contract-verifier/2.2.0.RELEASE/spring-cloud-contract-verifier-2.2.0.RELEASE.jar:/home/nicolas/.m2/repository/com/toomuchcoding/jsonassert/jsonassert/0.4.13/jsonassert-0.4.13.jar:/home/nicolas/.m2/repository/com/rackspace/eclipse/webtools/sourceediting/org.eclipse.wst.xml.xpath2.processor/2.1.100/org.eclipse.wst.xml.xpath2.processor-2.1.100.jar:/home/nicolas/.m2/repository/edu/princeton/cup/java-cup/10k/java-cup-10k.jar:/home/nicolas/.m2/repository/com/ibm/icu/icu4j/4.6/icu4j-4.6.jar:/home/nicolas/.m2/repository/org/codehaus/groovy/groovy/2.5.14/groovy-2.5.14.jar:/home/nicolas/.m2/repository/org/codehaus/groovy/groovy-nio/2.5.14/groovy-nio-2.5.14.jar:/home/nicolas/.m2/repository/org/codehaus/groovy/groovy-json/2.5.14/groovy-json-2.5.14.jar:/home/nicolas/.m2/repository/org/codehaus/groovy/groovy-xml/2.5.14/groovy-xml-2.5.14.jar:/home/nicolas/.m2/repository/com/github/jknack/handlebars/4.1.2/handlebars-4.1.2.jar:/home/nicolas/.m2/repository/commons-beanutils/commons-beanutils/1.9.4/commons-beanutils-1.9.4.jar:/home/nicolas/.m2/repository/commons-logging/commons-logging/1.2/commons-logging-1.2.jar:/home/nicolas/.m2/repository/com/fasterxml/jackson/dataformat/jackson-dataformat-yaml/2.11.4/jackson-dataformat-yaml-2.11.4.jar:/home/nicolas/.m2/repository/org/springframework/cloud/spring-cloud-function-compiler/3.0.0.RELEASE/spring-cloud-function-compiler-3.0.0.RELEASE.jar:/home/nicolas/.m2/repository/org/eclipse/jdt/core/compiler/ecj/4.4.2/ecj-4.4.2.jar:/home/nicolas/.m2/repository/org/springframework/cloud/spring-cloud-function-core/3.0.0.RELEASE/spring-cloud-function-core-3.0.0.RELEASE.jar:/home/nicolas/.m2/repository/org/springframework/cloud/spring-cloud-contract-shade/2.2.0.RELEASE/spring-cloud-contract-shade-2.2.0.RELEASE.jar:/home/nicolas/.m2/repository/org/springframework/cloud/spring-cloud-contract-converters/2.2.0.RELEASE/spring-cloud-contract-converters-2.2.0.RELEASE.jar:/home/nicolas/.m2/repository/org/springframework/cloud/spring-cloud-contract-spec/2.2.0.RELEASE/spring-cloud-contract-spec-2.2.0.RELEASE.jar:/home/nicolas/.m2/repository/org/springframework/cloud/spring-cloud-contract-spec-java/2.2.0.RELEASE/spring-cloud-contract-spec-java-2.2.0.RELEASE.jar:/home/nicolas/.m2/repository/dk/brics/automaton/automaton/1.11-8/automaton-1.11-8.jar:/home/nicolas/.m2/repository/org/apache/commons/commons-text/1.7/commons-text-1.7.jar:/home/nicolas/.m2/repository/org/springframework/cloud/spring-cloud-contract-spec-groovy/2.2.0.RELEASE/spring-cloud-contract-spec-groovy-2.2.0.RELEASE.jar:/home/nicolas/.m2/repository/org/eclipse/jgit/org.eclipse.jgit/5.1.3.201810200350-r/org.eclipse.jgit-5.1.3.201810200350-r.jar:/home/nicolas/.m2/repository/com/jcraft/jsch/0.1.54/jsch-0.1.54.jar:/home/nicolas/.m2/repository/com/jcraft/jzlib/1.1.1/jzlib-1.1.1.jar:/home/nicolas/.m2/repository/com/googlecode/javaewah/JavaEWAH/1.1.6/JavaEWAH-1.1.6.jar:/home/nicolas/.m2/repository/com/jcraft/jsch.agentproxy.sshagent/0.0.9/jsch.agentproxy.sshagent-0.0.9.jar:/home/nicolas/.m2/repository/com/jcraft/jsch.agentproxy.core/0.0.9/jsch.agentproxy.core-0.0.9.jar:/home/nicolas/.m2/repository/com/jcraft/jsch.agentproxy.jsch/0.0.9/jsch.agentproxy.jsch-0.0.9.jar:/home/nicolas/.m2/repository/com/jcraft/jsch.agentproxy.usocket-jna/0.0.9/jsch.agentproxy.usocket-jna-0.0.9.jar:/home/nicolas/.m2/repository/net/java/dev/jna/jna/4.1.0/jna-4.1.0.jar:/home/nicolas/.m2/repository/net/java/dev/jna/jna-platform/4.1.0/jna-platform-4.1.0.jar:/home/nicolas/.m2/repository/org/springframework/cloud/spring-cloud-contract-wiremock/2.2.0.RELEASE/spring-cloud-contract-wiremock-2.2.0.RELEASE.jar:/home/nicolas/.m2/repository/com/github/tomakehurst/wiremock-jre8-standalone/2.25.1/wiremock-jre8-standalone-2.25.1.jar:/home/nicolas/.m2/repository/org/apache/maven/resolver/maven-resolver-api/1.3.3/maven-resolver-api-1.3.3.jar:"/>
    <property name="java.vm.vendor" value="Oracle Corporation"/>
    <property name="sun.arch.data.model" value="64"/>
    <property name="java.vendor.url" value="http://java.oracle.com/"/>
    <property name="user.timezone" value=""/>
    <property name="java.vm.specification.version" value="1.8"/>
    <property name="os.name" value="Linux"/>
    <property name="user.country" value="CL"/>
    <property name="sun.java.launcher" value="SUN_STANDARD"/>
    <property name="sun.boot.library.path" value="/usr/lib/jvm/jdk1.8.0_281/jre/lib/amd64"/>
    <property name="sun.java.command" value="/home/nicolas/Escritorio/Amisoft/Unificado/Git/prueba-integracion-continua/Microservicio2/target/surefire/surefirebooter7563186508290816029.jar /home/nicolas/Escritorio/Amisoft/Unificado/Git/prueba-integracion-continua/Microservicio2/target/surefire 2021-04-23T09-42-45_622-jvmRun1 surefire1408328229311597044tmp surefire_08928570919474681031tmp"/>
    <property name="surefire.test.class.path" value="/home/nicolas/Escritorio/Amisoft/Unificado/Git/prueba-integracion-continua/Microservicio2/target/test-classes:/home/nicolas/Escritorio/Amisoft/Unificado/Git/prueba-integracion-continua/Microservicio2/target/classes:/home/nicolas/.m2/repository/org/springframework/boot/spring-boot-starter-web/2.3.8.RELEASE/spring-boot-starter-web-2.3.8.RELEASE.jar:/home/nicolas/.m2/repository/org/springframework/boot/spring-boot-starter/2.3.8.RELEASE/spring-boot-starter-2.3.8.RELEASE.jar:/home/nicolas/.m2/repository/org/springframework/boot/spring-boot-starter-logging/2.3.8.RELEASE/spring-boot-starter-logging-2.3.8.RELEASE.jar:/home/nicolas/.m2/repository/ch/qos/logback/logback-classic/1.2.3/logback-classic-1.2.3.jar:/home/nicolas/.m2/repository/ch/qos/logback/logback-core/1.2.3/logback-core-1.2.3.jar:/home/nicolas/.m2/repository/org/apache/logging/log4j/log4j-to-slf4j/2.13.3/log4j-to-slf4j-2.13.3.jar:/home/nicolas/.m2/repository/org/apache/logging/log4j/log4j-api/2.13.3/log4j-api-2.13.3.jar:/home/nicolas/.m2/repository/org/slf4j/jul-to-slf4j/1.7.30/jul-to-slf4j-1.7.30.jar:/home/nicolas/.m2/repository/jakarta/annotation/jakarta.annotation-api/1.3.5/jakarta.annotation-api-1.3.5.jar:/home/nicolas/.m2/repository/org/yaml/snakeyaml/1.26/snakeyaml-1.26.jar:/home/nicolas/.m2/repository/org/springframework/boot/spring-boot-starter-json/2.3.8.RELEASE/spring-boot-starter-json-2.3.8.RELEASE.jar:/home/nicolas/.m2/repository/com/fasterxml/jackson/datatype/jackson-datatype-jdk8/2.11.4/jackson-datatype-jdk8-2.11.4.jar:/home/nicolas/.m2/repository/com/fasterxml/jackson/datatype/jackson-datatype-jsr310/2.11.4/jackson-datatype-jsr310-2.11.4.jar:/home/nicolas/.m2/repository/com/fasterxml/jackson/module/jackson-module-parameter-names/2.11.4/jackson-module-parameter-names-2.11.4.jar:/home/nicolas/.m2/repository/org/springframework/boot/spring-boot-starter-tomcat/2.3.8.RELEASE/spring-boot-starter-tomcat-2.3.8.RELEASE.jar:/home/nicolas/.m2/repository/org/apache/tomcat/embed/tomcat-embed-core/9.0.41/tomcat-embed-core-9.0.41.jar:/home/nicolas/.m2/repository/org/apache/tomcat/embed/tomcat-embed-websocket/9.0.41/tomcat-embed-websocket-9.0.41.jar:/home/nicolas/.m2/repository/org/springframework/spring-web/5.2.12.RELEASE/spring-web-5.2.12.RELEASE.jar:/home/nicolas/.m2/repository/org/springframework/spring-beans/5.2.12.RELEASE/spring-beans-5.2.12.RELEASE.jar:/home/nicolas/.m2/repository/org/springframework/spring-webmvc/5.2.12.RELEASE/spring-webmvc-5.2.12.RELEASE.jar:/home/nicolas/.m2/repository/org/springframework/spring-aop/5.2.12.RELEASE/spring-aop-5.2.12.RELEASE.jar:/home/nicolas/.m2/repository/org/springframework/spring-context/5.2.12.RELEASE/spring-context-5.2.12.RELEASE.jar:/home/nicolas/.m2/repository/org/springframework/spring-expression/5.2.12.RELEASE/spring-expression-5.2.12.RELEASE.jar:/home/nicolas/.m2/repository/org/springframework/boot/spring-boot-starter-actuator/2.3.8.RELEASE/spring-boot-starter-actuator-2.3.8.RELEASE.jar:/home/nicolas/.m2/repository/org/springframework/boot/spring-boot-actuator-autoconfigure/2.3.8.RELEASE/spring-boot-actuator-autoconfigure-2.3.8.RELEASE.jar:/home/nicolas/.m2/repository/org/springframework/boot/spring-boot-actuator/2.3.8.RELEASE/spring-boot-actuator-2.3.8.RELEASE.jar:/home/nicolas/.m2/repository/io/micrometer/micrometer-core/1.5.10/micrometer-core-1.5.10.jar:/home/nicolas/.m2/repository/org/hdrhistogram/HdrHistogram/2.1.12/HdrHistogram-2.1.12.jar:/home/nicolas/.m2/repository/org/latencyutils/LatencyUtils/2.0.3/LatencyUtils-2.0.3.jar:/home/nicolas/.m2/repository/org/springframework/boot/spring-boot-starter-validation/2.3.8.RELEASE/spring-boot-starter-validation-2.3.8.RELEASE.jar:/home/nicolas/.m2/repository/org/glassfish/jakarta.el/3.0.3/jakarta.el-3.0.3.jar:/home/nicolas/.m2/repository/org/hibernate/validator/hibernate-validator/6.1.7.Final/hibernate-validator-6.1.7.Final.jar:/home/nicolas/.m2/repository/jakarta/validation/jakarta.validation-api/2.0.2/jakarta.validation-api-2.0.2.jar:/home/nicolas/.m2/repository/org/jboss/logging/jboss-logging/3.4.1.Final/jboss-logging-3.4.1.Final.jar:/home/nicolas/.m2/repository/com/fasterxml/classmate/1.5.1/classmate-1.5.1.jar:/home/nicolas/.m2/repository/org/springframework/boot/spring-boot-devtools/2.3.8.RELEASE/spring-boot-devtools-2.3.8.RELEASE.jar:/home/nicolas/.m2/repository/org/springframework/boot/spring-boot/2.3.8.RELEASE/spring-boot-2.3.8.RELEASE.jar:/home/nicolas/.m2/repository/org/springframework/boot/spring-boot-autoconfigure/2.3.8.RELEASE/spring-boot-autoconfigure-2.3.8.RELEASE.jar:/home/nicolas/.m2/repository/org/springframework/boot/spring-boot-starter-test/2.3.8.RELEASE/spring-boot-starter-test-2.3.8.RELEASE.jar:/home/nicolas/.m2/repository/org/springframework/boot/spring-boot-test/2.3.8.RELEASE/spring-boot-test-2.3.8.RELEASE.jar:/home/nicolas/.m2/repository/org/springframework/boot/spring-boot-test-autoconfigure/2.3.8.RELEASE/spring-boot-test-autoconfigure-2.3.8.RELEASE.jar:/home/nicolas/.m2/repository/com/jayway/jsonpath/json-path/2.4.0/json-path-2.4.0.jar:/home/nicolas/.m2/repository/net/minidev/json-smart/2.3/json-smart-2.3.jar:/home/nicolas/.m2/repository/net/minidev/accessors-smart/1.2/accessors-smart-1.2.jar:/home/nicolas/.m2/repository/org/slf4j/slf4j-api/1.7.30/slf4j-api-1.7.30.jar:/home/nicolas/.m2/repository/jakarta/xml/bind/jakarta.xml.bind-api/2.3.3/jakarta.xml.bind-api-2.3.3.jar:/home/nicolas/.m2/repository/jakarta/activation/jakarta.activation-api/1.2.2/jakarta.activation-api-1.2.2.jar:/home/nicolas/.m2/repository/org/assertj/assertj-core/3.16.1/assertj-core-3.16.1.jar:/home/nicolas/.m2/repository/org/hamcrest/hamcrest/2.2/hamcrest-2.2.jar:/home/nicolas/.m2/repository/org/junit/jupiter/junit-jupiter/5.6.3/junit-jupiter-5.6.3.jar:/home/nicolas/.m2/repository/org/junit/jupiter/junit-jupiter-api/5.6.3/junit-jupiter-api-5.6.3.jar:/home/nicolas/.m2/repository/org/apiguardian/apiguardian-api/1.1.0/apiguardian-api-1.1.0.jar:/home/nicolas/.m2/repository/org/opentest4j/opentest4j/1.2.0/opentest4j-1.2.0.jar:/home/nicolas/.m2/repository/org/junit/platform/junit-platform-commons/1.6.3/junit-platform-commons-1.6.3.jar:/home/nicolas/.m2/repository/org/junit/jupiter/junit-jupiter-params/5.6.3/junit-jupiter-params-5.6.3.jar:/home/nicolas/.m2/repository/org/junit/jupiter/junit-jupiter-engine/5.6.3/junit-jupiter-engine-5.6.3.jar:/home/nicolas/.m2/repository/org/junit/platform/junit-platform-engine/1.6.3/junit-platform-engine-1.6.3.jar:/home/nicolas/.m2/repository/org/mockito/mockito-core/3.3.3/mockito-core-3.3.3.jar:/home/nicolas/.m2/repository/net/bytebuddy/byte-buddy/1.10.19/byte-buddy-1.10.19.jar:/home/nicolas/.m2/repository/net/bytebuddy/byte-buddy-agent/1.10.19/byte-buddy-agent-1.10.19.jar:/home/nicolas/.m2/repository/org/objenesis/objenesis/2.6/objenesis-2.6.jar:/home/nicolas/.m2/repository/org/mockito/mockito-junit-jupiter/3.3.3/mockito-junit-jupiter-3.3.3.jar:/home/nicolas/.m2/repository/org/skyscreamer/jsonassert/1.5.0/jsonassert-1.5.0.jar:/home/nicolas/.m2/repository/com/vaadin/external/google/android-json/0.0.20131108.vaadin1/android-json-0.0.20131108.vaadin1.jar:/home/nicolas/.m2/repository/org/springframework/spring-core/5.2.12.RELEASE/spring-core-5.2.12.RELEASE.jar:/home/nicolas/.m2/repository/org/springframework/spring-jcl/5.2.12.RELEASE/spring-jcl-5.2.12.RELEASE.jar:/home/nicolas/.m2/repository/org/springframework/spring-test/5.2.12.RELEASE/spring-test-5.2.12.RELEASE.jar:/home/nicolas/.m2/repository/org/xmlunit/xmlunit-core/2.7.0/xmlunit-core-2.7.0.jar:/home/nicolas/.m2/repository/org/springframework/cloud/spring-cloud-starter-openfeign/2.2.0.RELEASE/spring-cloud-starter-openfeign-2.2.0.RELEASE.jar:/home/nicolas/.m2/repository/org/springframework/cloud/spring-cloud-starter/2.2.0.RELEASE/spring-cloud-starter-2.2.0.RELEASE.jar:/home/nicolas/.m2/repository/org/springframework/cloud/spring-cloud-context/2.2.0.RELEASE/spring-cloud-context-2.2.0.RELEASE.jar:/home/nicolas/.m2/repository/org/springframework/security/spring-security-rsa/1.0.7.RELEASE/spring-security-rsa-1.0.7.RELEASE.jar:/home/nicolas/.m2/repository/org/bouncycastle/bcpkix-jdk15on/1.60/bcpkix-jdk15on-1.60.jar:/home/nicolas/.m2/repository/org/bouncycastle/bcprov-jdk15on/1.60/bcprov-jdk15on-1.60.jar:/home/nicolas/.m2/repository/org/springframework/cloud/spring-cloud-openfeign-core/2.2.0.RELEASE/spring-cloud-openfeign-core-2.2.0.RELEASE.jar:/home/nicolas/.m2/repository/io/github/openfeign/form/feign-form-spring/3.8.0/feign-form-spring-3.8.0.jar:/home/nicolas/.m2/repository/io/github/openfeign/form/feign-form/3.8.0/feign-form-3.8.0.jar:/home/nicolas/.m2/repository/commons-fileupload/commons-fileupload/1.4/commons-fileupload-1.4.jar:/home/nicolas/.m2/repository/commons-io/commons-io/2.2/commons-io-2.2.jar:/home/nicolas/.m2/repository/org/springframework/cloud/spring-cloud-commons/2.2.0.RELEASE/spring-cloud-commons-2.2.0.RELEASE.jar:/home/nicolas/.m2/repository/org/springframework/security/spring-security-crypto/5.3.6.RELEASE/spring-security-crypto-5.3.6.RELEASE.jar:/home/nicolas/.m2/repository/io/github/openfeign/feign-core/10.4.0/feign-core-10.4.0.jar:/home/nicolas/.m2/repository/io/github/openfeign/feign-slf4j/10.4.0/feign-slf4j-10.4.0.jar:/home/nicolas/.m2/repository/io/github/openfeign/feign-hystrix/10.4.0/feign-hystrix-10.4.0.jar:/home/nicolas/.m2/repository/com/netflix/archaius/archaius-core/0.7.6/archaius-core-0.7.6.jar:/home/nicolas/.m2/repository/com/google/code/findbugs/jsr305/3.0.1/jsr305-3.0.1.jar:/home/nicolas/.m2/repository/org/springframework/cloud/spring-cloud-starter-netflix-eureka-client/2.2.0.RELEASE/spring-cloud-starter-netflix-eureka-client-2.2.0.RELEASE.jar:/home/nicolas/.m2/repository/org/springframework/cloud/spring-cloud-netflix-hystrix/2.2.0.RELEASE/spring-cloud-netflix-hystrix-2.2.0.RELEASE.jar:/home/nicolas/.m2/repository/org/springframework/cloud/spring-cloud-netflix-eureka-client/2.2.0.RELEASE/spring-cloud-netflix-eureka-client-2.2.0.RELEASE.jar:/home/nicolas/.m2/repository/com/netflix/eureka/eureka-client/1.9.13/eureka-client-1.9.13.jar:/home/nicolas/.m2/repository/org/codehaus/jettison/jettison/1.3.7/jettison-1.3.7.jar:/home/nicolas/.m2/repository/stax/stax-api/1.0.1/stax-api-1.0.1.jar:/home/nicolas/.m2/repository/com/netflix/netflix-commons/netflix-eventbus/0.3.0/netflix-eventbus-0.3.0.jar:/home/nicolas/.m2/repository/com/netflix/netflix-commons/netflix-infix/0.3.0/netflix-infix-0.3.0.jar:/home/nicolas/.m2/repository/commons-jxpath/commons-jxpath/1.3/commons-jxpath-1.3.jar:/home/nicolas/.m2/repository/joda-time/joda-time/2.3/joda-time-2.3.jar:/home/nicolas/.m2/repository/org/antlr/antlr-runtime/3.4/antlr-runtime-3.4.jar:/home/nicolas/.m2/repository/org/antlr/stringtemplate/3.2.1/stringtemplate-3.2.1.jar:/home/nicolas/.m2/repository/antlr/antlr/2.7.7/antlr-2.7.7.jar:/home/nicolas/.m2/repository/com/google/code/gson/gson/2.8.6/gson-2.8.6.jar:/home/nicolas/.m2/repository/org/apache/commons/commons-math/2.2/commons-math-2.2.jar:/home/nicolas/.m2/repository/javax/ws/rs/jsr311-api/1.1.1/jsr311-api-1.1.1.jar:/home/nicolas/.m2/repository/com/netflix/servo/servo-core/0.12.21/servo-core-0.12.21.jar:/home/nicolas/.m2/repository/com/sun/jersey/jersey-core/1.19.1/jersey-core-1.19.1.jar:/home/nicolas/.m2/repository/com/sun/jersey/jersey-client/1.19.1/jersey-client-1.19.1.jar:/home/nicolas/.m2/repository/com/sun/jersey/contribs/jersey-apache-client4/1.19.1/jersey-apache-client4-1.19.1.jar:/home/nicolas/.m2/repository/org/apache/httpcomponents/httpclient/4.5.13/httpclient-4.5.13.jar:/home/nicolas/.m2/repository/org/apache/httpcomponents/httpcore/4.4.14/httpcore-4.4.14.jar:/home/nicolas/.m2/repository/commons-codec/commons-codec/1.14/commons-codec-1.14.jar:/home/nicolas/.m2/repository/com/google/inject/guice/4.1.0/guice-4.1.0.jar:/home/nicolas/.m2/repository/javax/inject/javax.inject/1/javax.inject-1.jar:/home/nicolas/.m2/repository/aopalliance/aopalliance/1.0/aopalliance-1.0.jar:/home/nicolas/.m2/repository/com/fasterxml/jackson/core/jackson-annotations/2.11.4/jackson-annotations-2.11.4.jar:/home/nicolas/.m2/repository/com/fasterxml/jackson/core/jackson-core/2.11.4/jackson-core-2.11.4.jar:/home/nicolas/.m2/repository/com/netflix/eureka/eureka-core/1.9.13/eureka-core-1.9.13.jar:/home/nicolas/.m2/repository/com/fasterxml/woodstox/woodstox-core/5.2.1/woodstox-core-5.2.1.jar:/home/nicolas/.m2/repository/org/codehaus/woodstox/stax2-api/4.2/stax2-api-4.2.jar:/home/nicolas/.m2/repository/org/springframework/cloud/spring-cloud-starter-netflix-archaius/2.2.0.RELEASE/spring-cloud-starter-netflix-archaius-2.2.0.RELEASE.jar:/home/nicolas/.m2/repository/org/springframework/cloud/spring-cloud-netflix-archaius/2.2.0.RELEASE/spring-cloud-netflix-archaius-2.2.0.RELEASE.jar:/home/nicolas/.m2/repository/commons-configuration/commons-configuration/1.8/commons-configuration-1.8.jar:/home/nicolas/.m2/repository/commons-lang/commons-lang/2.6/commons-lang-2.6.jar:/home/nicolas/.m2/repository/org/springframework/cloud/spring-cloud-starter-netflix-ribbon/2.2.0.RELEASE/spring-cloud-starter-netflix-ribbon-2.2.0.RELEASE.jar:/home/nicolas/.m2/repository/com/netflix/ribbon/ribbon/2.3.0/ribbon-2.3.0.jar:/home/nicolas/.m2/repository/com/netflix/ribbon/ribbon-transport/2.3.0/ribbon-transport-2.3.0.jar:/home/nicolas/.m2/repository/io/reactivex/rxnetty-contexts/0.4.9/rxnetty-contexts-0.4.9.jar:/home/nicolas/.m2/repository/io/reactivex/rxnetty-servo/0.4.9/rxnetty-servo-0.4.9.jar:/home/nicolas/.m2/repository/io/reactivex/rxnetty/0.4.9/rxnetty-0.4.9.jar:/home/nicolas/.m2/repository/com/netflix/ribbon/ribbon-core/2.3.0/ribbon-core-2.3.0.jar:/home/nicolas/.m2/repository/com/netflix/ribbon/ribbon-httpclient/2.3.0/ribbon-httpclient-2.3.0.jar:/home/nicolas/.m2/repository/commons-collections/commons-collections/3.2.2/commons-collections-3.2.2.jar:/home/nicolas/.m2/repository/com/netflix/netflix-commons/netflix-commons-util/0.3.0/netflix-commons-util-0.3.0.jar:/home/nicolas/.m2/repository/com/netflix/ribbon/ribbon-loadbalancer/2.3.0/ribbon-loadbalancer-2.3.0.jar:/home/nicolas/.m2/repository/com/netflix/netflix-commons/netflix-statistics/0.1.1/netflix-statistics-0.1.1.jar:/home/nicolas/.m2/repository/io/reactivex/rxjava/1.3.8/rxjava-1.3.8.jar:/home/nicolas/.m2/repository/org/springframework/cloud/spring-cloud-starter-loadbalancer/2.2.0.RELEASE/spring-cloud-starter-loadbalancer-2.2.0.RELEASE.jar:/home/nicolas/.m2/repository/org/springframework/cloud/spring-cloud-loadbalancer/2.2.0.RELEASE/spring-cloud-loadbalancer-2.2.0.RELEASE.jar:/home/nicolas/.m2/repository/io/projectreactor/reactor-core/3.3.13.RELEASE/reactor-core-3.3.13.RELEASE.jar:/home/nicolas/.m2/repository/io/projectreactor/addons/reactor-extra/3.3.5.RELEASE/reactor-extra-3.3.5.RELEASE.jar:/home/nicolas/.m2/repository/org/springframework/boot/spring-boot-starter-cache/2.3.8.RELEASE/spring-boot-starter-cache-2.3.8.RELEASE.jar:/home/nicolas/.m2/repository/org/springframework/spring-context-support/5.2.12.RELEASE/spring-context-support-5.2.12.RELEASE.jar:/home/nicolas/.m2/repository/com/stoyanr/evictor/1.0.0/evictor-1.0.0.jar:/home/nicolas/.m2/repository/com/netflix/ribbon/ribbon-eureka/2.3.0/ribbon-eureka-2.3.0.jar:/home/nicolas/.m2/repository/com/thoughtworks/xstream/xstream/1.4.11.1/xstream-1.4.11.1.jar:/home/nicolas/.m2/repository/xmlpull/xmlpull/1.1.3.1/xmlpull-1.1.3.1.jar:/home/nicolas/.m2/repository/xpp3/xpp3_min/1.1.4c/xpp3_min-1.1.4c.jar:/home/nicolas/.m2/repository/org/springframework/cloud/spring-cloud-starter-config/2.2.0.RELEASE/spring-cloud-starter-config-2.2.0.RELEASE.jar:/home/nicolas/.m2/repository/org/springframework/cloud/spring-cloud-config-client/2.2.0.RELEASE/spring-cloud-config-client-2.2.0.RELEASE.jar:/home/nicolas/.m2/repository/com/fasterxml/jackson/core/jackson-databind/2.11.4/jackson-databind-2.11.4.jar:/home/nicolas/.m2/repository/org/springframework/cloud/spring-cloud-starter-netflix-hystrix/2.2.0.RELEASE/spring-cloud-starter-netflix-hystrix-2.2.0.RELEASE.jar:/home/nicolas/.m2/repository/org/springframework/cloud/spring-cloud-netflix-ribbon/2.2.0.RELEASE/spring-cloud-netflix-ribbon-2.2.0.RELEASE.jar:/home/nicolas/.m2/repository/com/netflix/hystrix/hystrix-core/1.5.18/hystrix-core-1.5.18.jar:/home/nicolas/.m2/repository/com/netflix/hystrix/hystrix-serialization/1.5.18/hystrix-serialization-1.5.18.jar:/home/nicolas/.m2/repository/com/fasterxml/jackson/module/jackson-module-afterburner/2.11.4/jackson-module-afterburner-2.11.4.jar:/home/nicolas/.m2/repository/com/netflix/hystrix/hystrix-metrics-event-stream/1.5.18/hystrix-metrics-event-stream-1.5.18.jar:/home/nicolas/.m2/repository/com/netflix/hystrix/hystrix-javanica/1.5.18/hystrix-javanica-1.5.18.jar:/home/nicolas/.m2/repository/org/apache/commons/commons-lang3/3.10/commons-lang3-3.10.jar:/home/nicolas/.m2/repository/org/ow2/asm/asm/5.0.4/asm-5.0.4.jar:/home/nicolas/.m2/repository/org/aspectj/aspectjweaver/1.9.6/aspectjweaver-1.9.6.jar:/home/nicolas/.m2/repository/com/google/guava/guava/15.0/guava-15.0.jar:/home/nicolas/.m2/repository/io/reactivex/rxjava-reactive-streams/1.2.1/rxjava-reactive-streams-1.2.1.jar:/home/nicolas/.m2/repository/org/reactivestreams/reactive-streams/1.0.3/reactive-streams-1.0.3.jar:/home/nicolas/.m2/repository/org/springframework/cloud/spring-cloud-starter-netflix-hystrix-dashboard/2.2.0.RELEASE/spring-cloud-starter-netflix-hystrix-dashboard-2.2.0.RELEASE.jar:/home/nicolas/.m2/repository/org/springframework/cloud/spring-cloud-netflix-hystrix-dashboard/2.2.0.RELEASE/spring-cloud-netflix-hystrix-dashboard-2.2.0.RELEASE.jar:/home/nicolas/.m2/repository/org/springframework/boot/spring-boot-starter-freemarker/2.3.8.RELEASE/spring-boot-starter-freemarker-2.3.8.RELEASE.jar:/home/nicolas/.m2/repository/org/freemarker/freemarker/2.3.30/freemarker-2.3.30.jar:/home/nicolas/.m2/repository/org/webjars/jquery/2.1.1/jquery-2.1.1.jar:/home/nicolas/.m2/repository/org/webjars/d3js/3.4.11/d3js-3.4.11.jar:/home/nicolas/.m2/repository/org/springframework/cloud/spring-cloud-starter-sleuth/2.2.0.RELEASE/spring-cloud-starter-sleuth-2.2.0.RELEASE.jar:/home/nicolas/.m2/repository/org/springframework/boot/spring-boot-starter-aop/2.3.8.RELEASE/spring-boot-starter-aop-2.3.8.RELEASE.jar:/home/nicolas/.m2/repository/org/springframework/cloud/spring-cloud-sleuth-core/2.2.0.RELEASE/spring-cloud-sleuth-core-2.2.0.RELEASE.jar:/home/nicolas/.m2/repository/org/aspectj/aspectjrt/1.9.6/aspectjrt-1.9.6.jar:/home/nicolas/.m2/repository/io/zipkin/brave/brave/5.9.0/brave-5.9.0.jar:/home/nicolas/.m2/repository/io/zipkin/brave/brave-context-log4j2/5.9.0/brave-context-log4j2-5.9.0.jar:/home/nicolas/.m2/repository/io/zipkin/brave/brave-instrumentation-messaging/5.9.0/brave-instrumentation-messaging-5.9.0.jar:/home/nicolas/.m2/repository/io/zipkin/brave/brave-instrumentation-rpc/5.9.0/brave-instrumentation-rpc-5.9.0.jar:/home/nicolas/.m2/repository/io/zipkin/brave/brave-instrumentation-spring-web/5.9.0/brave-instrumentation-spring-web-5.9.0.jar:/home/nicolas/.m2/repository/io/zipkin/brave/brave-instrumentation-http/5.9.0/brave-instrumentation-http-5.9.0.jar:/home/nicolas/.m2/repository/io/zipkin/brave/brave-instrumentation-spring-rabbit/5.9.0/brave-instrumentation-spring-rabbit-5.9.0.jar:/home/nicolas/.m2/repository/io/zipkin/brave/brave-instrumentation-kafka-clients/5.9.0/brave-instrumentation-kafka-clients-5.9.0.jar:/home/nicolas/.m2/repository/io/zipkin/brave/brave-instrumentation-kafka-streams/5.9.0/brave-instrumentation-kafka-streams-5.9.0.jar:/home/nicolas/.m2/repository/io/zipkin/brave/brave-instrumentation-httpclient/5.9.0/brave-instrumentation-httpclient-5.9.0.jar:/home/nicolas/.m2/repository/io/zipkin/brave/brave-instrumentation-httpasyncclient/5.9.0/brave-instrumentation-httpasyncclient-5.9.0.jar:/home/nicolas/.m2/repository/io/zipkin/brave/brave-instrumentation-spring-webmvc/5.9.0/brave-instrumentation-spring-webmvc-5.9.0.jar:/home/nicolas/.m2/repository/io/zipkin/brave/brave-instrumentation-servlet/5.9.0/brave-instrumentation-servlet-5.9.0.jar:/home/nicolas/.m2/repository/io/zipkin/brave/brave-instrumentation-jms/5.9.0/brave-instrumentation-jms-5.9.0.jar:/home/nicolas/.m2/repository/io/zipkin/reporter2/zipkin-reporter-metrics-micrometer/2.11.0/zipkin-reporter-metrics-micrometer-2.11.0.jar:/home/nicolas/.m2/repository/org/springframework/cloud/spring-cloud-starter-zipkin/2.2.0.RELEASE/spring-cloud-starter-zipkin-2.2.0.RELEASE.jar:/home/nicolas/.m2/repository/org/springframework/cloud/spring-cloud-sleuth-zipkin/2.2.0.RELEASE/spring-cloud-sleuth-zipkin-2.2.0.RELEASE.jar:/home/nicolas/.m2/repository/io/zipkin/zipkin2/zipkin/2.19.0/zipkin-2.19.0.jar:/home/nicolas/.m2/repository/io/zipkin/reporter2/zipkin-reporter/2.11.0/zipkin-reporter-2.11.0.jar:/home/nicolas/.m2/repository/io/zipkin/reporter2/zipkin-sender-kafka/2.11.0/zipkin-sender-kafka-2.11.0.jar:/home/nicolas/.m2/repository/io/zipkin/reporter2/zipkin-sender-activemq-client/2.11.0/zipkin-sender-activemq-client-2.11.0.jar:/home/nicolas/.m2/repository/io/zipkin/reporter2/zipkin-sender-amqp-client/2.11.0/zipkin-sender-amqp-client-2.11.0.jar:/home/nicolas/.m2/repository/org/springframework/cloud/spring-cloud-starter-contract-stub-runner/2.2.0.RELEASE/spring-cloud-starter-contract-stub-runner-2.2.0.RELEASE.jar:/home/nicolas/.m2/repository/org/springframework/cloud/spring-cloud-contract-stub-runner/2.2.0.RELEASE/spring-cloud-contract-stub-runner-2.2.0.RELEASE.jar:/home/nicolas/.m2/repository/org/springframework/cloud/spring-cloud-contract-verifier/2.2.0.RELEASE/spring-cloud-contract-verifier-2.2.0.RELEASE.jar:/home/nicolas/.m2/repository/com/toomuchcoding/jsonassert/jsonassert/0.4.13/jsonassert-0.4.13.jar:/home/nicolas/.m2/repository/com/rackspace/eclipse/webtools/sourceediting/org.eclipse.wst.xml.xpath2.processor/2.1.100/org.eclipse.wst.xml.xpath2.processor-2.1.100.jar:/home/nicolas/.m2/repository/edu/princeton/cup/java-cup/10k/java-cup-10k.jar:/home/nicolas/.m2/repository/com/ibm/icu/icu4j/4.6/icu4j-4.6.jar:/home/nicolas/.m2/repository/org/codehaus/groovy/groovy/2.5.14/groovy-2.5.14.jar:/home/nicolas/.m2/repository/org/codehaus/groovy/groovy-nio/2.5.14/groovy-nio-2.5.14.jar:/home/nicolas/.m2/repository/org/codehaus/groovy/groovy-json/2.5.14/groovy-json-2.5.14.jar:/home/nicolas/.m2/repository/org/codehaus/groovy/groovy-xml/2.5.14/groovy-xml-2.5.14.jar:/home/nicolas/.m2/repository/com/github/jknack/handlebars/4.1.2/handlebars-4.1.2.jar:/home/nicolas/.m2/repository/commons-beanutils/commons-beanutils/1.9.4/commons-beanutils-1.9.4.jar:/home/nicolas/.m2/repository/commons-logging/commons-logging/1.2/commons-logging-1.2.jar:/home/nicolas/.m2/repository/com/fasterxml/jackson/dataformat/jackson-dataformat-yaml/2.11.4/jackson-dataformat-yaml-2.11.4.jar:/home/nicolas/.m2/repository/org/springframework/cloud/spring-cloud-function-compiler/3.0.0.RELEASE/spring-cloud-function-compiler-3.0.0.RELEASE.jar:/home/nicolas/.m2/repository/org/eclipse/jdt/core/compiler/ecj/4.4.2/ecj-4.4.2.jar:/home/nicolas/.m2/repository/org/springframework/cloud/spring-cloud-function-core/3.0.0.RELEASE/spring-cloud-function-core-3.0.0.RELEASE.jar:/home/nicolas/.m2/repository/org/springframework/cloud/spring-cloud-contract-shade/2.2.0.RELEASE/spring-cloud-contract-shade-2.2.0.RELEASE.jar:/home/nicolas/.m2/repository/org/springframework/cloud/spring-cloud-contract-converters/2.2.0.RELEASE/spring-cloud-contract-converters-2.2.0.RELEASE.jar:/home/nicolas/.m2/repository/org/springframework/cloud/spring-cloud-contract-spec/2.2.0.RELEASE/spring-cloud-contract-spec-2.2.0.RELEASE.jar:/home/nicolas/.m2/repository/org/springframework/cloud/spring-cloud-contract-spec-java/2.2.0.RELEASE/spring-cloud-contract-spec-java-2.2.0.RELEASE.jar:/home/nicolas/.m2/repository/dk/brics/automaton/automaton/1.11-8/automaton-1.11-8.jar:/home/nicolas/.m2/repository/org/apache/commons/commons-text/1.7/commons-text-1.7.jar:/home/nicolas/.m2/repository/org/springframework/cloud/spring-cloud-contract-spec-groovy/2.2.0.RELEASE/spring-cloud-contract-spec-groovy-2.2.0.RELEASE.jar:/home/nicolas/.m2/repository/org/eclipse/jgit/org.eclipse.jgit/5.1.3.201810200350-r/org.eclipse.jgit-5.1.3.201810200350-r.jar:/home/nicolas/.m2/repository/com/jcraft/jsch/0.1.54/jsch-0.1.54.jar:/home/nicolas/.m2/repository/com/jcraft/jzlib/1.1.1/jzlib-1.1.1.jar:/home/nicolas/.m2/repository/com/googlecode/javaewah/JavaEWAH/1.1.6/JavaEWAH-1.1.6.jar:/home/nicolas/.m2/repository/com/jcraft/jsch.agentproxy.sshagent/0.0.9/jsch.agentproxy.sshagent-0.0.9.jar:/home/nicolas/.m2/repository/com/jcraft/jsch.agentproxy.core/0.0.9/jsch.agentproxy.core-0.0.9.jar:/home/nicolas/.m2/repository/com/jcraft/jsch.agentproxy.jsch/0.0.9/jsch.agentproxy.jsch-0.0.9.jar:/home/nicolas/.m2/repository/com/jcraft/jsch.agentproxy.usocket-jna/0.0.9/jsch.agentproxy.usocket-jna-0.0.9.jar:/home/nicolas/.m2/repository/net/java/dev/jna/jna/4.1.0/jna-4.1.0.jar:/home/nicolas/.m2/repository/net/java/dev/jna/jna-platform/4.1.0/jna-platform-4.1.0.jar:/home/nicolas/.m2/repository/org/springframework/cloud/spring-cloud-contract-wiremock/2.2.0.RELEASE/spring-cloud-contract-wiremock-2.2.0.RELEASE.jar:/home/nicolas/.m2/repository/com/github/tomakehurst/wiremock-jre8-standalone/2.25.1/wiremock-jre8-standalone-2.25.1.jar:/home/nicolas/.m2/repository/org/apache/maven/resolver/maven-resolver-api/1.3.3/maven-resolver-api-1.3.3.jar:"/>
    <property name="sun.cpu.endian" value="little"/>
    <property name="user.home" value="/home/nicolas"/>
    <property name="user.language" value="es"/>
    <property name="java.specification.vendor" value="Oracle Corporation"/>
    <property name="java.home" value="/usr/lib/jvm/jdk1.8.0_281/jre"/>
    <property name="basedir" value="/home/nicolas/Escritorio/Amisoft/Unificado/Git/prueba-integracion-continua/Microservicio2"/>
    <property name="file.separator" value="/"/>
    <property name="line.separator" value="&#10;"/>
    <property name="java.vm.specification.vendor" value="Oracle Corporation"/>
    <property name="java.specification.name" value="Java Platform API Specification"/>
    <property name="java.awt.graphicsenv" value="sun.awt.X11GraphicsEnvironment"/>
    <property name="surefire.real.class.path" value="/home/nicolas/Escritorio/Amisoft/Unificado/Git/prueba-integracion-continua/Microservicio2/target/surefire/surefirebooter7563186508290816029.jar"/>
    <property name="sun.boot.class.path" value="/usr/lib/jvm/jdk1.8.0_281/jre/lib/resources.jar:/usr/lib/jvm/jdk1.8.0_281/jre/lib/rt.jar:/usr/lib/jvm/jdk1.8.0_281/jre/lib/sunrsasign.jar:/usr/lib/jvm/jdk1.8.0_281/jre/lib/jsse.jar:/usr/lib/jvm/jdk1.8.0_281/jre/lib/jce.jar:/usr/lib/jvm/jdk1.8.0_281/jre/lib/charsets.jar:/usr/lib/jvm/jdk1.8.0_281/jre/lib/jfr.jar:/usr/lib/jvm/jdk1.8.0_281/jre/classes"/>
    <property name="sun.management.compiler" value="HotSpot 64-Bit Tiered Compilers"/>
    <property name="java.runtime.version" value="1.8.0_281-b09"/>
    <property name="user.name" value="nicolas"/>
    <property name="path.separator" value=":"/>
    <property name="os.version" value="5.4.0-58-generic"/>
    <property name="java.endorsed.dirs" value="/usr/lib/jvm/jdk1.8.0_281/jre/lib/endorsed"/>
    <property name="java.runtime.name" value="Java(TM) SE Runtime Environment"/>
    <property name="file.encoding" value="UTF-8"/>
    <property name="java.vm.name" value="Java HotSpot(TM) 64-Bit Server VM"/>
    <property name="localRepository" value="/home/nicolas/.m2/repository"/>
    <property name="java.vendor.url.bug" value="http://bugreport.sun.com/bugreport/"/>
    <property name="java.io.tmpdir" value="/tmp"/>
    <property name="java.version" value="1.8.0_281"/>
    <property name="user.dir" value="/home/nicolas/Escritorio/Amisoft/Unificado/Git/prueba-integracion-continua/Microservicio2"/>
    <property name="os.arch" value="amd64"/>
    <property name="java.vm.specification.name" value="Java Virtual Machine Specification"/>
    <property name="java.awt.printerjob" value="sun.print.PSPrinterJob"/>
    <property name="sun.os.patch.level" value="unknown"/>
    <property name="java.library.path" value="/usr/java/packages/lib/amd64:/usr/lib64:/lib64:/lib:/usr/lib"/>
    <property name="java.vm.info" value="mixed mode"/>
    <property name="java.vendor" value="Oracle Corporation"/>
    <property name="java.vm.version" value="25.281-b09"/>
    <property name="java.ext.dirs" value="/usr/lib/jvm/jdk1.8.0_281/jre/lib/ext:/usr/java/packages/lib/ext"/>
    <property name="sun.io.unicode.encoding" value="UnicodeLittle"/>
    <property name="java.class.version" value="52.0"/>
  </properties>
  <testcase name="contextLoads" classname="com.formacionbdi.springboot.app.items.SpringbootServicioItemsApplicationTests" time="0"/>
</testsuite>