<?xml version="1.0" encoding="UTF-8"?>
<testsuite xmlns:xsi="http://www.w3.org/2001/XMLSchema-instance" xsi:noNamespaceSchemaLocation="https://maven.apache.org/surefire/maven-surefire-plugin/xsd/surefire-test-report.xsd" name="com.formacionbdi.springboot.app.productos.ProductsTest" time="40.516" tests="1" errors="0" skipped="0" failures="0">
  <properties>
    <property name="sun.desktop" value="gnome"/>
    <property name="awt.toolkit" value="sun.awt.X11.XToolkit"/>
    <property name="file.encoding.pkg" value="sun.io"/>
    <property name="java.specification.version" value="1.8"/>
    <property name="sun.cpu.isalist" value=""/>
    <property name="sun.jnu.encoding" value="UTF-8"/>
    <property name="java.class.path" value="/home/nicolas/Escritorio/Amisoft/Unificado/Git/prueba-integracion-continua/Microservicio/target/test-classes:/home/nicolas/Escritorio/Amisoft/Unificado/Git/prueba-integracion-continua/Microservicio/target/classes:/home/nicolas/.m2/repository/org/springframework/boot/spring-boot-starter-web/2.3.8.RELEASE/spring-boot-starter-web-2.3.8.RELEASE.jar:/home/nicolas/.m2/repository/org/springframework/boot/spring-boot-starter/2.3.8.RELEASE/spring-boot-starter-2.3.8.RELEASE.jar:/home/nicolas/.m2/repository/org/springframework/boot/spring-boot-starter-logging/2.3.8.RELEASE/spring-boot-starter-logging-2.3.8.RELEASE.jar:/home/nicolas/.m2/repository/ch/qos/logback/logback-classic/1.2.3/logback-classic-1.2.3.jar:/home/nicolas/.m2/repository/ch/qos/logback/logback-core/1.2.3/logback-core-1.2.3.jar:/home/nicolas/.m2/repository/org/apache/logging/log4j/log4j-to-slf4j/2.13.3/log4j-to-slf4j-2.13.3.jar:/home/nicolas/.m2/repository/org/apache/logging/log4j/log4j-api/2.13.3/log4j-api-2.13.3.jar:/home/nicolas/.m2/repository/org/slf4j/jul-to-slf4j/1.7.30/jul-to-slf4j-1.7.30.jar:/home/nicolas/.m2/repository/jakarta/annotation/jakarta.annotation-api/1.3.5/jakarta.annotation-api-1.3.5.jar:/home/nicolas/.m2/repository/org/yaml/snakeyaml/1.26/snakeyaml-1.26.jar:/home/nicolas/.m2/repository/org/springframework/boot/spring-boot-starter-json/2.3.8.RELEASE/spring-boot-starter-json-2.3.8.RELEASE.jar:/home/nicolas/.m2/repository/com/fasterxml/jackson/datatype/jackson-datatype-jdk8/2.11.4/jackson-datatype-jdk8-2.11.4.jar:/home/nicolas/.m2/repository/com/fasterxml/jackson/datatype/jackson-datatype-jsr310/2.11.4/jackson-datatype-jsr310-2.11.4.jar:/home/nicolas/.m2/repository/com/fasterxml/jackson/module/jackson-module-parameter-names/2.11.4/jackson-module-parameter-names-2.11.4.jar:/home/nicolas/.m2/repository/org/springframework/boot/spring-boot-starter-tomcat/2.3.8.RELEASE/spring-boot-starter-tomcat-2.3.8.RELEASE.jar:/home/nicolas/.m2/repository/org/apache/tomcat/embed/tomcat-embed-core/9.0.41/tomcat-embed-core-9.0.41.jar:/home/nicolas/.m2/repository/org/apache/tomcat/embed/tomcat-embed-websocket/9.0.41/tomcat-embed-websocket-9.0.41.jar:/home/nicolas/.m2/repository/org/springframework/spring-web/5.2.12.RELEASE/spring-web-5.2.12.RELEASE.jar:/home/nicolas/.m2/repository/org/springframework/spring-beans/5.2.12.RELEASE/spring-beans-5.2.12.RELEASE.jar:/home/nicolas/.m2/repository/org/springframework/spring-webmvc/5.2.12.RELEASE/spring-webmvc-5.2.12.RELEASE.jar:/home/nicolas/.m2/repository/org/springframework/spring-aop/5.2.12.RELEASE/spring-aop-5.2.12.RELEASE.jar:/home/nicolas/.m2/repository/org/springframework/spring-context/5.2.12.RELEASE/spring-context-5.2.12.RELEASE.jar:/home/nicolas/.m2/repository/org/springframework/spring-expression/5.2.12.RELEASE/spring-expression-5.2.12.RELEASE.jar:/home/nicolas/.m2/repository/org/springframework/boot/spring-boot-starter-data-jpa/2.3.8.RELEASE/spring-boot-starter-data-jpa-2.3.8.RELEASE.jar:/home/nicolas/.m2/repository/org/springframework/boot/spring-boot-starter-aop/2.3.8.RELEASE/spring-boot-starter-aop-2.3.8.RELEASE.jar:/home/nicolas/.m2/repository/org/aspectj/aspectjweaver/1.9.6/aspectjweaver-1.9.6.jar:/home/nicolas/.m2/repository/org/springframework/boot/spring-boot-starter-jdbc/2.3.8.RELEASE/spring-boot-starter-jdbc-2.3.8.RELEASE.jar:/home/nicolas/.m2/repository/com/zaxxer/HikariCP/3.4.5/HikariCP-3.4.5.jar:/home/nicolas/.m2/repository/org/springframework/spring-jdbc/5.2.12.RELEASE/spring-jdbc-5.2.12.RELEASE.jar:/home/nicolas/.m2/repository/jakarta/transaction/jakarta.transaction-api/1.3.3/jakarta.transaction-api-1.3.3.jar:/home/nicolas/.m2/repository/jakarta/persistence/jakarta.persistence-api/2.2.3/jakarta.persistence-api-2.2.3.jar:/home/nicolas/.m2/repository/org/hibernate/hibernate-core/5.4.27.Final/hibernate-core-5.4.27.Final.jar:/home/nicolas/.m2/repository/org/jboss/logging/jboss-logging/3.4.1.Final/jboss-logging-3.4.1.Final.jar:/home/nicolas/.m2/repository/org/javassist/javassist/3.27.0-GA/javassist-3.27.0-GA.jar:/home/nicolas/.m2/repository/net/bytebuddy/byte-buddy/1.10.19/byte-buddy-1.10.19.jar:/home/nicolas/.m2/repository/antlr/antlr/2.7.7/antlr-2.7.7.jar:/home/nicolas/.m2/repository/org/jboss/jandex/2.1.3.Final/jandex-2.1.3.Final.jar:/home/nicolas/.m2/repository/org/dom4j/dom4j/2.1.3/dom4j-2.1.3.jar:/home/nicolas/.m2/repository/org/hibernate/common/hibernate-commons-annotations/5.1.2.Final/hibernate-commons-annotations-5.1.2.Final.jar:/home/nicolas/.m2/repository/org/glassfish/jaxb/jaxb-runtime/2.3.3/jaxb-runtime-2.3.3.jar:/home/nicolas/.m2/repository/org/glassfish/jaxb/txw2/2.3.3/txw2-2.3.3.jar:/home/nicolas/.m2/repository/com/sun/istack/istack-commons-runtime/3.0.11/istack-commons-runtime-3.0.11.jar:/home/nicolas/.m2/repository/com/sun/activation/jakarta.activation/1.2.2/jakarta.activation-1.2.2.jar:/home/nicolas/.m2/repository/org/springframework/data/spring-data-jpa/2.3.6.RELEASE/spring-data-jpa-2.3.6.RELEASE.jar:/home/nicolas/.m2/repository/org/springframework/data/spring-data-commons/2.3.6.RELEASE/spring-data-commons-2.3.6.RELEASE.jar:/home/nicolas/.m2/repository/org/springframework/spring-orm/5.2.12.RELEASE/spring-orm-5.2.12.RELEASE.jar:/home/nicolas/.m2/repository/org/springframework/spring-tx/5.2.12.RELEASE/spring-tx-5.2.12.RELEASE.jar:/home/nicolas/.m2/repository/org/springframework/spring-aspects/5.2.12.RELEASE/spring-aspects-5.2.12.RELEASE.jar:/home/nicolas/.m2/repository/org/springframework/boot/spring-boot-starter-validation/2.3.8.RELEASE/spring-boot-starter-validation-2.3.8.RELEASE.jar:/home/nicolas/.m2/repository/org/glassfish/jakarta.el/3.0.3/jakarta.el-3.0.3.jar:/home/nicolas/.m2/repository/org/hibernate/validator/hibernate-validator/6.1.7.Final/hibernate-validator-6.1.7.Final.jar:/home/nicolas/.m2/repository/jakarta/validation/jakarta.validation-api/2.0.2/jakarta.validation-api-2.0.2.jar:/home/nicolas/.m2/repository/org/springframework/boot/spring-boot-devtools/2.3.8.RELEASE/spring-boot-devtools-2.3.8.RELEASE.jar:/home/nicolas/.m2/repository/org/springframework/boot/spring-boot/2.3.8.RELEASE/spring-boot-2.3.8.RELEASE.jar:/home/nicolas/.m2/repository/org/springframework/boot/spring-boot-autoconfigure/2.3.8.RELEASE/spring-boot-autoconfigure-2.3.8.RELEASE.jar:/home/nicolas/.m2/repository/com/h2database/h2/1.4.200/h2-1.4.200.jar:/home/nicolas/.m2/repository/org/springframework/boot/spring-boot-starter-test/2.3.8.RELEASE/spring-boot-starter-test-2.3.8.RELEASE.jar:/home/nicolas/.m2/repository/org/springframework/boot/spring-boot-test/2.3.8.RELEASE/spring-boot-test-2.3.8.RELEASE.jar:/home/nicolas/.m2/repository/org/springframework/boot/spring-boot-test-autoconfigure/2.3.8.RELEASE/spring-boot-test-autoconfigure-2.3.8.RELEASE.jar:/home/nicolas/.m2/repository/com/jayway/jsonpath/json-path/2.4.0/json-path-2.4.0.jar:/home/nicolas/.m2/repository/net/minidev/json-smart/2.3/json-smart-2.3.jar:/home/nicolas/.m2/repository/net/minidev/accessors-smart/1.2/accessors-smart-1.2.jar:/home/nicolas/.m2/repository/jakarta/xml/bind/jakarta.xml.bind-api/2.3.3/jakarta.xml.bind-api-2.3.3.jar:/home/nicolas/.m2/repository/jakarta/activation/jakarta.activation-api/1.2.2/jakarta.activation-api-1.2.2.jar:/home/nicolas/.m2/repository/org/assertj/assertj-core/3.16.1/assertj-core-3.16.1.jar:/home/nicolas/.m2/repository/org/hamcrest/hamcrest/2.2/hamcrest-2.2.jar:/home/nicolas/.m2/repository/org/junit/jupiter/junit-jupiter/5.6.3/junit-jupiter-5.6.3.jar:/home/nicolas/.m2/repository/org/junit/jupiter/junit-jupiter-api/5.6.3/junit-jupiter-api-5.6.3.jar:/home/nicolas/.m2/repository/org/apiguardian/apiguardian-api/1.1.0/apiguardian-api-1.1.0.jar:/home/nicolas/.m2/repository/org/opentest4j/opentest4j/1.2.0/opentest4j-1.2.0.jar:/home/nicolas/.m2/repository/org/junit/platform/junit-platform-commons/1.6.3/junit-platform-commons-1.6.3.jar:/home/nicolas/.m2/repository/org/junit/jupiter/junit-jupiter-params/5.6.3/junit-jupiter-params-5.6.3.jar:/home/nicolas/.m2/repository/org/junit/jupiter/junit-jupiter-engine/5.6.3/junit-jupiter-engine-5.6.3.jar:/home/nicolas/.m2/repository/org/junit/platform/junit-platform-engine/1.6.3/junit-platform-engine-1.6.3.jar:/home/nicolas/.m2/repository/org/mockito/mockito-core/3.3.3/mockito-core-3.3.3.jar:/home/nicolas/.m2/repository/net/bytebuddy/byte-buddy-agent/1.10.19/byte-buddy-agent-1.10.19.jar:/home/nicolas/.m2/repository/org/objenesis/objenesis/2.6/objenesis-2.6.jar:/home/nicolas/.m2/repository/org/mockito/mockito-junit-jupiter/3.3.3/mockito-junit-jupiter-3.3.3.jar:/home/nicolas/.m2/repository/org/skyscreamer/jsonassert/1.5.0/jsonassert-1.5.0.jar:/home/nicolas/.m2/repository/com/vaadin/external/google/android-json/0.0.20131108.vaadin1/android-json-0.0.20131108.vaadin1.jar:/home/nicolas/.m2/repository/org/springframework/spring-core/5.2.12.RELEASE/spring-core-5.2.12.RELEASE.jar:/home/nicolas/.m2/repository/org/springframework/spring-jcl/5.2.12.RELEASE/spring-jcl-5.2.12.RELEASE.jar:/home/nicolas/.m2/repository/org/springframework/spring-test/5.2.12.RELEASE/spring-test-5.2.12.RELEASE.jar:/home/nicolas/.m2/repository/org/xmlunit/xmlunit-core/2.7.0/xmlunit-core-2.7.0.jar:/home/nicolas/.m2/repository/io/springfox/springfox-swagger2/2.6.1/springfox-swagger2-2.6.1.jar:/home/nicolas/.m2/repository/io/swagger/swagger-annotations/1.5.10/swagger-annotations-1.5.10.jar:/home/nicolas/.m2/repository/io/swagger/swagger-models/1.5.10/swagger-models-1.5.10.jar:/home/nicolas/.m2/repository/com/fasterxml/jackson/core/jackson-annotations/2.11.4/jackson-annotations-2.11.4.jar:/home/nicolas/.m2/repository/io/springfox/springfox-spi/2.6.1/springfox-spi-2.6.1.jar:/home/nicolas/.m2/repository/io/springfox/springfox-core/2.6.1/springfox-core-2.6.1.jar:/home/nicolas/.m2/repository/io/springfox/springfox-schema/2.6.1/springfox-schema-2.6.1.jar:/home/nicolas/.m2/repository/io/springfox/springfox-swagger-common/2.6.1/springfox-swagger-common-2.6.1.jar:/home/nicolas/.m2/repository/io/springfox/springfox-spring-web/2.6.1/springfox-spring-web-2.6.1.jar:/home/nicolas/.m2/repository/com/google/guava/guava/18.0/guava-18.0.jar:/home/nicolas/.m2/repository/com/fasterxml/classmate/1.5.1/classmate-1.5.1.jar:/home/nicolas/.m2/repository/org/slf4j/slf4j-api/1.7.30/slf4j-api-1.7.30.jar:/home/nicolas/.m2/repository/org/springframework/plugin/spring-plugin-core/1.2.0.RELEASE/spring-plugin-core-1.2.0.RELEASE.jar:/home/nicolas/.m2/repository/org/springframework/plugin/spring-plugin-metadata/1.2.0.RELEASE/spring-plugin-metadata-1.2.0.RELEASE.jar:/home/nicolas/.m2/repository/org/mapstruct/mapstruct/1.0.0.Final/mapstruct-1.0.0.Final.jar:/home/nicolas/.m2/repository/io/springfox/springfox-swagger-ui/2.6.1/springfox-swagger-ui-2.6.1.jar:/home/nicolas/.m2/repository/org/jacoco/jacoco-maven-plugin/0.7.9/jacoco-maven-plugin-0.7.9.jar:/home/nicolas/.m2/repository/org/apache/maven/maven-plugin-api/2.2.1/maven-plugin-api-2.2.1.jar:/home/nicolas/.m2/repository/org/apache/maven/maven-project/2.2.1/maven-project-2.2.1.jar:/home/nicolas/.m2/repository/org/apache/maven/maven-settings/2.2.1/maven-settings-2.2.1.jar:/home/nicolas/.m2/repository/org/apache/maven/maven-profile/2.2.1/maven-profile-2.2.1.jar:/home/nicolas/.m2/repository/org/apache/maven/maven-model/2.2.1/maven-model-2.2.1.jar:/home/nicolas/.m2/repository/org/apache/maven/maven-artifact-manager/2.2.1/maven-artifact-manager-2.2.1.jar:/home/nicolas/.m2/repository/org/apache/maven/maven-repository-metadata/2.2.1/maven-repository-metadata-2.2.1.jar:/home/nicolas/.m2/repository/org/apache/maven/wagon/wagon-provider-api/1.0-beta-6/wagon-provider-api-1.0-beta-6.jar:/home/nicolas/.m2/repository/backport-util-concurrent/backport-util-concurrent/3.1/backport-util-concurrent-3.1.jar:/home/nicolas/.m2/repository/org/apache/maven/maven-plugin-registry/2.2.1/maven-plugin-registry-2.2.1.jar:/home/nicolas/.m2/repository/org/codehaus/plexus/plexus-interpolation/1.11/plexus-interpolation-1.11.jar:/home/nicolas/.m2/repository/org/apache/maven/maven-artifact/2.2.1/maven-artifact-2.2.1.jar:/home/nicolas/.m2/repository/org/codehaus/plexus/plexus-container-default/1.0-alpha-9-stable-1/plexus-container-default-1.0-alpha-9-stable-1.jar:/home/nicolas/.m2/repository/junit/junit/4.13.1/junit-4.13.1.jar:/home/nicolas/.m2/repository/classworlds/classworlds/1.1-alpha-2/classworlds-1.1-alpha-2.jar:/home/nicolas/.m2/repository/org/codehaus/plexus/plexus-utils/3.0.22/plexus-utils-3.0.22.jar:/home/nicolas/.m2/repository/org/apache/maven/shared/file-management/1.2.1/file-management-1.2.1.jar:/home/nicolas/.m2/repository/org/apache/maven/shared/maven-shared-io/1.1/maven-shared-io-1.1.jar:/home/nicolas/.m2/repository/org/apache/maven/reporting/maven-reporting-api/2.2.1/maven-reporting-api-2.2.1.jar:/home/nicolas/.m2/repository/org/apache/maven/doxia/doxia-sink-api/1.1/doxia-sink-api-1.1.jar:/home/nicolas/.m2/repository/org/apache/maven/doxia/doxia-logging-api/1.1/doxia-logging-api-1.1.jar:/home/nicolas/.m2/repository/org/apache/maven/reporting/maven-reporting-impl/2.1/maven-reporting-impl-2.1.jar:/home/nicolas/.m2/repository/org/apache/maven/doxia/doxia-core/1.1.2/doxia-core-1.1.2.jar:/home/nicolas/.m2/repository/xerces/xercesImpl/2.8.1/xercesImpl-2.8.1.jar:/home/nicolas/.m2/repository/commons-httpclient/commons-httpclient/3.1/commons-httpclient-3.1.jar:/home/nicolas/.m2/repository/org/apache/maven/doxia/doxia-site-renderer/1.1.2/doxia-site-renderer-1.1.2.jar:/home/nicolas/.m2/repository/org/apache/maven/doxia/doxia-decoration-model/1.1.2/doxia-decoration-model-1.1.2.jar:/home/nicolas/.m2/repository/org/apache/maven/doxia/doxia-module-xhtml/1.1.2/doxia-module-xhtml-1.1.2.jar:/home/nicolas/.m2/repository/org/apache/maven/doxia/doxia-module-fml/1.1.2/doxia-module-fml-1.1.2.jar:/home/nicolas/.m2/repository/org/codehaus/plexus/plexus-i18n/1.0-beta-7/plexus-i18n-1.0-beta-7.jar:/home/nicolas/.m2/repository/org/codehaus/plexus/plexus-velocity/1.1.7/plexus-velocity-1.1.7.jar:/home/nicolas/.m2/repository/org/apache/velocity/velocity/1.5/velocity-1.5.jar:/home/nicolas/.m2/repository/commons-validator/commons-validator/1.2.0/commons-validator-1.2.0.jar:/home/nicolas/.m2/repository/commons-digester/commons-digester/1.6/commons-digester-1.6.jar:/home/nicolas/.m2/repository/oro/oro/2.0.8/oro-2.0.8.jar:/home/nicolas/.m2/repository/xml-apis/xml-apis/1.0.b2/xml-apis-1.0.b2.jar:/home/nicolas/.m2/repository/org/jacoco/org.jacoco.agent/0.7.9/org.jacoco.agent-0.7.9-runtime.jar:/home/nicolas/.m2/repository/org/jacoco/org.jacoco.core/0.7.9/org.jacoco.core-0.7.9.jar:/home/nicolas/.m2/repository/org/ow2/asm/asm-debug-all/5.2/asm-debug-all-5.2.jar:/home/nicolas/.m2/repository/org/jacoco/org.jacoco.report/0.7.9/org.jacoco.report-0.7.9.jar:/home/nicolas/.m2/repository/org/springframework/cloud/spring-cloud-netflix-eureka-server/2.2.0.RELEASE/spring-cloud-netflix-eureka-server-2.2.0.RELEASE.jar:/home/nicolas/.m2/repository/org/springframework/boot/spring-boot-starter-freemarker/2.3.8.RELEASE/spring-boot-starter-freemarker-2.3.8.RELEASE.jar:/home/nicolas/.m2/repository/org/freemarker/freemarker/2.3.30/freemarker-2.3.30.jar:/home/nicolas/.m2/repository/org/springframework/spring-context-support/5.2.12.RELEASE/spring-context-support-5.2.12.RELEASE.jar:/home/nicolas/.m2/repository/org/springframework/cloud/spring-cloud-commons/2.2.0.RELEASE/spring-cloud-commons-2.2.0.RELEASE.jar:/home/nicolas/.m2/repository/org/springframework/security/spring-security-crypto/5.3.6.RELEASE/spring-security-crypto-5.3.6.RELEASE.jar:/home/nicolas/.m2/repository/org/springframework/cloud/spring-cloud-netflix-hystrix/2.2.0.RELEASE/spring-cloud-netflix-hystrix-2.2.0.RELEASE.jar:/home/nicolas/.m2/repository/com/netflix/eureka/eureka-client/1.9.13/eureka-client-1.9.13.jar:/home/nicolas/.m2/repository/org/codehaus/jettison/jettison/1.3.7/jettison-1.3.7.jar:/home/nicolas/.m2/repository/stax/stax-api/1.0.1/stax-api-1.0.1.jar:/home/nicolas/.m2/repository/com/netflix/netflix-commons/netflix-eventbus/0.3.0/netflix-eventbus-0.3.0.jar:/home/nicolas/.m2/repository/com/netflix/netflix-commons/netflix-infix/0.3.0/netflix-infix-0.3.0.jar:/home/nicolas/.m2/repository/commons-jxpath/commons-jxpath/1.3/commons-jxpath-1.3.jar:/home/nicolas/.m2/repository/joda-time/joda-time/2.3/joda-time-2.3.jar:/home/nicolas/.m2/repository/org/antlr/antlr-runtime/3.4/antlr-runtime-3.4.jar:/home/nicolas/.m2/repository/org/antlr/stringtemplate/3.2.1/stringtemplate-3.2.1.jar:/home/nicolas/.m2/repository/com/google/code/gson/gson/2.8.6/gson-2.8.6.jar:/home/nicolas/.m2/repository/org/apache/commons/commons-math/2.2/commons-math-2.2.jar:/home/nicolas/.m2/repository/javax/ws/rs/jsr311-api/1.1.1/jsr311-api-1.1.1.jar:/home/nicolas/.m2/repository/com/netflix/servo/servo-core/0.12.21/servo-core-0.12.21.jar:/home/nicolas/.m2/repository/com/sun/jersey/jersey-core/1.19.1/jersey-core-1.19.1.jar:/home/nicolas/.m2/repository/com/sun/jersey/contribs/jersey-apache-client4/1.19.1/jersey-apache-client4-1.19.1.jar:/home/nicolas/.m2/repository/org/apache/httpcomponents/httpclient/4.5.13/httpclient-4.5.13.jar:/home/nicolas/.m2/repository/org/apache/httpcomponents/httpcore/4.4.14/httpcore-4.4.14.jar:/home/nicolas/.m2/repository/com/google/inject/guice/4.1.0/guice-4.1.0.jar:/home/nicolas/.m2/repository/aopalliance/aopalliance/1.0/aopalliance-1.0.jar:/home/nicolas/.m2/repository/com/fasterxml/jackson/core/jackson-core/2.11.4/jackson-core-2.11.4.jar:/home/nicolas/.m2/repository/com/sun/jersey/jersey-servlet/1.19.1/jersey-servlet-1.19.1.jar:/home/nicolas/.m2/repository/com/sun/jersey/jersey-server/1.19.1/jersey-server-1.19.1.jar:/home/nicolas/.m2/repository/com/sun/jersey/jersey-client/1.19.1/jersey-client-1.19.1.jar:/home/nicolas/.m2/repository/com/netflix/eureka/eureka-core/1.9.13/eureka-core-1.9.13.jar:/home/nicolas/.m2/repository/com/fasterxml/woodstox/woodstox-core/5.2.1/woodstox-core-5.2.1.jar:/home/nicolas/.m2/repository/com/netflix/archaius/archaius-core/0.7.6/archaius-core-0.7.6.jar:/home/nicolas/.m2/repository/com/google/code/findbugs/jsr305/3.0.1/jsr305-3.0.1.jar:/home/nicolas/.m2/repository/commons-configuration/commons-configuration/1.8/commons-configuration-1.8.jar:/home/nicolas/.m2/repository/javax/inject/javax.inject/1/javax.inject-1.jar:/home/nicolas/.m2/repository/com/fasterxml/jackson/dataformat/jackson-dataformat-xml/2.11.4/jackson-dataformat-xml-2.11.4.jar:/home/nicolas/.m2/repository/com/fasterxml/jackson/module/jackson-module-jaxb-annotations/2.11.4/jackson-module-jaxb-annotations-2.11.4.jar:/home/nicolas/.m2/repository/org/codehaus/woodstox/stax2-api/4.2.1/stax2-api-4.2.1.jar:/home/nicolas/.m2/repository/com/thoughtworks/xstream/xstream/1.4.11.1/xstream-1.4.11.1.jar:/home/nicolas/.m2/repository/xmlpull/xmlpull/1.1.3.1/xmlpull-1.1.3.1.jar:/home/nicolas/.m2/repository/xpp3/xpp3_min/1.1.4c/xpp3_min-1.1.4c.jar:/home/nicolas/.m2/repository/org/springframework/cloud/spring-cloud-starter-config/2.2.0.RELEASE/spring-cloud-starter-config-2.2.0.RELEASE.jar:/home/nicolas/.m2/repository/org/springframework/cloud/spring-cloud-starter/2.2.0.RELEASE/spring-cloud-starter-2.2.0.RELEASE.jar:/home/nicolas/.m2/repository/org/springframework/cloud/spring-cloud-context/2.2.0.RELEASE/spring-cloud-context-2.2.0.RELEASE.jar:/home/nicolas/.m2/repository/org/springframework/security/spring-security-rsa/1.0.7.RELEASE/spring-security-rsa-1.0.7.RELEASE.jar:/home/nicolas/.m2/repository/org/bouncycastle/bcpkix-jdk15on/1.60/bcpkix-jdk15on-1.60.jar:/home/nicolas/.m2/repository/org/bouncycastle/bcprov-jdk15on/1.60/bcprov-jdk15on-1.60.jar:/home/nicolas/.m2/repository/org/springframework/cloud/spring-cloud-config-client/2.2.0.RELEASE/spring-cloud-config-client-2.2.0.RELEASE.jar:/home/nicolas/.m2/repository/com/fasterxml/jackson/core/jackson-databind/2.11.4/jackson-databind-2.11.4.jar:/home/nicolas/.m2/repository/org/springframework/cloud/spring-cloud-starter-netflix-hystrix/2.2.0.RELEASE/spring-cloud-starter-netflix-hystrix-2.2.0.RELEASE.jar:/home/nicolas/.m2/repository/org/springframework/cloud/spring-cloud-netflix-ribbon/2.2.0.RELEASE/spring-cloud-netflix-ribbon-2.2.0.RELEASE.jar:/home/nicolas/.m2/repository/org/springframework/cloud/spring-cloud-netflix-archaius/2.2.0.RELEASE/spring-cloud-netflix-archaius-2.2.0.RELEASE.jar:/home/nicolas/.m2/repository/org/springframework/cloud/spring-cloud-starter-netflix-archaius/2.2.0.RELEASE/spring-cloud-starter-netflix-archaius-2.2.0.RELEASE.jar:/home/nicolas/.m2/repository/com/netflix/hystrix/hystrix-core/1.5.18/hystrix-core-1.5.18.jar:/home/nicolas/.m2/repository/io/reactivex/rxjava/1.3.8/rxjava-1.3.8.jar:/home/nicolas/.m2/repository/org/hdrhistogram/HdrHistogram/2.1.9/HdrHistogram-2.1.9.jar:/home/nicolas/.m2/repository/com/netflix/hystrix/hystrix-serialization/1.5.18/hystrix-serialization-1.5.18.jar:/home/nicolas/.m2/repository/com/fasterxml/jackson/module/jackson-module-afterburner/2.11.4/jackson-module-afterburner-2.11.4.jar:/home/nicolas/.m2/repository/com/netflix/hystrix/hystrix-metrics-event-stream/1.5.18/hystrix-metrics-event-stream-1.5.18.jar:/home/nicolas/.m2/repository/com/netflix/hystrix/hystrix-javanica/1.5.18/hystrix-javanica-1.5.18.jar:/home/nicolas/.m2/repository/org/apache/commons/commons-lang3/3.10/commons-lang3-3.10.jar:/home/nicolas/.m2/repository/org/ow2/asm/asm/5.0.4/asm-5.0.4.jar:/home/nicolas/.m2/repository/io/reactivex/rxjava-reactive-streams/1.2.1/rxjava-reactive-streams-1.2.1.jar:/home/nicolas/.m2/repository/org/reactivestreams/reactive-streams/1.0.3/reactive-streams-1.0.3.jar:/home/nicolas/.m2/repository/org/springframework/cloud/spring-cloud-starter-netflix-hystrix-dashboard/2.2.0.RELEASE/spring-cloud-starter-netflix-hystrix-dashboard-2.2.0.RELEASE.jar:/home/nicolas/.m2/repository/org/springframework/cloud/spring-cloud-netflix-hystrix-dashboard/2.2.0.RELEASE/spring-cloud-netflix-hystrix-dashboard-2.2.0.RELEASE.jar:/home/nicolas/.m2/repository/org/webjars/jquery/2.1.1/jquery-2.1.1.jar:/home/nicolas/.m2/repository/org/webjars/d3js/3.4.11/d3js-3.4.11.jar:/home/nicolas/.m2/repository/org/springframework/boot/spring-boot-starter-actuator/2.3.8.RELEASE/spring-boot-starter-actuator-2.3.8.RELEASE.jar:/home/nicolas/.m2/repository/org/springframework/boot/spring-boot-actuator-autoconfigure/2.3.8.RELEASE/spring-boot-actuator-autoconfigure-2.3.8.RELEASE.jar:/home/nicolas/.m2/repository/org/springframework/boot/spring-boot-actuator/2.3.8.RELEASE/spring-boot-actuator-2.3.8.RELEASE.jar:/home/nicolas/.m2/repository/io/micrometer/micrometer-core/1.5.10/micrometer-core-1.5.10.jar:/home/nicolas/.m2/repository/org/latencyutils/LatencyUtils/2.0.3/LatencyUtils-2.0.3.jar:/home/nicolas/.m2/repository/org/springframework/cloud/spring-cloud-starter-sleuth/2.2.0.RELEASE/spring-cloud-starter-sleuth-2.2.0.RELEASE.jar:/home/nicolas/.m2/repository/org/springframework/cloud/spring-cloud-sleuth-core/2.2.0.RELEASE/spring-cloud-sleuth-core-2.2.0.RELEASE.jar:/home/nicolas/.m2/repository/org/aspectj/aspectjrt/1.9.6/aspectjrt-1.9.6.jar:/home/nicolas/.m2/repository/io/zipkin/brave/brave/5.9.0/brave-5.9.0.jar:/home/nicolas/.m2/repository/io/zipkin/brave/brave-context-log4j2/5.9.0/brave-context-log4j2-5.9.0.jar:/home/nicolas/.m2/repository/io/zipkin/brave/brave-instrumentation-messaging/5.9.0/brave-instrumentation-messaging-5.9.0.jar:/home/nicolas/.m2/repository/io/zipkin/brave/brave-instrumentation-rpc/5.9.0/brave-instrumentation-rpc-5.9.0.jar:/home/nicolas/.m2/repository/io/zipkin/brave/brave-instrumentation-spring-web/5.9.0/brave-instrumentation-spring-web-5.9.0.jar:/home/nicolas/.m2/repository/io/zipkin/brave/brave-instrumentation-http/5.9.0/brave-instrumentation-http-5.9.0.jar:/home/nicolas/.m2/repository/io/zipkin/brave/brave-instrumentation-spring-rabbit/5.9.0/brave-instrumentation-spring-rabbit-5.9.0.jar:/home/nicolas/.m2/repository/io/zipkin/brave/brave-instrumentation-kafka-clients/5.9.0/brave-instrumentation-kafka-clients-5.9.0.jar:/home/nicolas/.m2/repository/io/zipkin/brave/brave-instrumentation-kafka-streams/5.9.0/brave-instrumentation-kafka-streams-5.9.0.jar:/home/nicolas/.m2/repository/io/zipkin/brave/brave-instrumentation-httpclient/5.9.0/brave-instrumentation-httpclient-5.9.0.jar:/home/nicolas/.m2/repository/io/zipkin/brave/brave-instrumentation-httpasyncclient/5.9.0/brave-instrumentation-httpasyncclient-5.9.0.jar:/home/nicolas/.m2/repository/io/zipkin/brave/brave-instrumentation-spring-webmvc/5.9.0/brave-instrumentation-spring-webmvc-5.9.0.jar:/home/nicolas/.m2/repository/io/zipkin/brave/brave-instrumentation-servlet/5.9.0/brave-instrumentation-servlet-5.9.0.jar:/home/nicolas/.m2/repository/io/zipkin/brave/brave-instrumentation-jms/5.9.0/brave-instrumentation-jms-5.9.0.jar:/home/nicolas/.m2/repository/io/zipkin/reporter2/zipkin-reporter-metrics-micrometer/2.11.0/zipkin-reporter-metrics-micrometer-2.11.0.jar:/home/nicolas/.m2/repository/org/springframework/cloud/spring-cloud-starter-zipkin/2.2.0.RELEASE/spring-cloud-starter-zipkin-2.2.0.RELEASE.jar:/home/nicolas/.m2/repository/org/springframework/cloud/spring-cloud-sleuth-zipkin/2.2.0.RELEASE/spring-cloud-sleuth-zipkin-2.2.0.RELEASE.jar:/home/nicolas/.m2/repository/io/zipkin/zipkin2/zipkin/2.19.0/zipkin-2.19.0.jar:/home/nicolas/.m2/repository/io/zipkin/reporter2/zipkin-reporter/2.11.0/zipkin-reporter-2.11.0.jar:/home/nicolas/.m2/repository/io/zipkin/reporter2/zipkin-sender-kafka/2.11.0/zipkin-sender-kafka-2.11.0.jar:/home/nicolas/.m2/repository/io/zipkin/reporter2/zipkin-sender-activemq-client/2.11.0/zipkin-sender-activemq-client-2.11.0.jar:/home/nicolas/.m2/repository/io/zipkin/reporter2/zipkin-sender-amqp-client/2.11.0/zipkin-sender-amqp-client-2.11.0.jar:/home/nicolas/.m2/repository/org/springframework/cloud/spring-cloud-netflix-eureka-client/2.2.0.RELEASE/spring-cloud-netflix-eureka-client-2.2.0.RELEASE.jar:/home/nicolas/.m2/repository/cl/amisoft/pjud/unificado/unificado-commons-utils/1.0.4-SNAPSHOT/unificado-commons-utils-1.0.4-SNAPSHOT.jar:/home/nicolas/.m2/repository/org/springframework/security/spring-security-web/5.3.6.RELEASE/spring-security-web-5.3.6.RELEASE.jar:/home/nicolas/.m2/repository/org/springframework/security/spring-security-core/5.3.6.RELEASE/spring-security-core-5.3.6.RELEASE.jar:/home/nicolas/.m2/repository/commons-beanutils/commons-beanutils/1.9.3/commons-beanutils-1.9.3.jar:/home/nicolas/.m2/repository/commons-logging/commons-logging/1.2/commons-logging-1.2.jar:/home/nicolas/.m2/repository/commons-collections/commons-collections/3.2.2/commons-collections-3.2.2.jar:/home/nicolas/.m2/repository/commons-codec/commons-codec/1.14/commons-codec-1.14.jar:/home/nicolas/.m2/repository/commons-io/commons-io/2.4/commons-io-2.4.jar:/home/nicolas/.m2/repository/commons-lang/commons-lang/2.6/commons-lang-2.6.jar:/home/nicolas/.m2/repository/io/github/openfeign/feign-core/10.4.0/feign-core-10.4.0.jar:/home/nicolas/.m2/repository/org/springframework/boot/spring-boot-starter-webflux/2.3.8.RELEASE/spring-boot-starter-webflux-2.3.8.RELEASE.jar:/home/nicolas/.m2/repository/org/springframework/boot/spring-boot-starter-reactor-netty/2.3.8.RELEASE/spring-boot-starter-reactor-netty-2.3.8.RELEASE.jar:/home/nicolas/.m2/repository/io/projectreactor/netty/reactor-netty/0.9.16.RELEASE/reactor-netty-0.9.16.RELEASE.jar:/home/nicolas/.m2/repository/io/netty/netty-codec-http/4.1.58.Final/netty-codec-http-4.1.58.Final.jar:/home/nicolas/.m2/repository/io/netty/netty-common/4.1.58.Final/netty-common-4.1.58.Final.jar:/home/nicolas/.m2/repository/io/netty/netty-buffer/4.1.58.Final/netty-buffer-4.1.58.Final.jar:/home/nicolas/.m2/repository/io/netty/netty-transport/4.1.58.Final/netty-transport-4.1.58.Final.jar:/home/nicolas/.m2/repository/io/netty/netty-codec/4.1.58.Final/netty-codec-4.1.58.Final.jar:/home/nicolas/.m2/repository/io/netty/netty-codec-http2/4.1.58.Final/netty-codec-http2-4.1.58.Final.jar:/home/nicolas/.m2/repository/io/netty/netty-handler/4.1.58.Final/netty-handler-4.1.58.Final.jar:/home/nicolas/.m2/repository/io/netty/netty-resolver/4.1.58.Final/netty-resolver-4.1.58.Final.jar:/home/nicolas/.m2/repository/io/netty/netty-handler-proxy/4.1.58.Final/netty-handler-proxy-4.1.58.Final.jar:/home/nicolas/.m2/repository/io/netty/netty-codec-socks/4.1.58.Final/netty-codec-socks-4.1.58.Final.jar:/home/nicolas/.m2/repository/io/netty/netty-transport-native-epoll/4.1.58.Final/netty-transport-native-epoll-4.1.58.Final-linux-x86_64.jar:/home/nicolas/.m2/repository/io/netty/netty-transport-native-unix-common/4.1.58.Final/netty-transport-native-unix-common-4.1.58.Final.jar:/home/nicolas/.m2/repository/org/springframework/spring-webflux/5.2.12.RELEASE/spring-webflux-5.2.12.RELEASE.jar:/home/nicolas/.m2/repository/io/projectreactor/reactor-core/3.3.13.RELEASE/reactor-core-3.3.13.RELEASE.jar:/home/nicolas/.m2/repository/org/synchronoss/cloud/nio-multipart-parser/1.1.0/nio-multipart-parser-1.1.0.jar:/home/nicolas/.m2/repository/org/synchronoss/cloud/nio-stream-storage/1.1.3/nio-stream-storage-1.1.3.jar:/home/nicolas/.m2/repository/io/micrometer/micrometer-registry-prometheus/1.6.5/micrometer-registry-prometheus-1.6.5.jar:/home/nicolas/.m2/repository/io/prometheus/simpleclient_common/0.9.0/simpleclient_common-0.9.0.jar:/home/nicolas/.m2/repository/io/prometheus/simpleclient/0.9.0/simpleclient-0.9.0.jar:/home/nicolas/.m2/repository/org/springframework/cloud/spring-cloud-starter-contract-verifier/2.2.0.RELEASE/spring-cloud-starter-contract-verifier-2.2.0.RELEASE.jar:/home/nicolas/.m2/repository/org/springframework/cloud/spring-cloud-contract-verifier/2.2.0.RELEASE/spring-cloud-contract-verifier-2.2.0.RELEASE.jar:/home/nicolas/.m2/repository/org/springframework/cloud/spring-cloud-contract-spec/2.2.0.RELEASE/spring-cloud-contract-spec-2.2.0.RELEASE.jar:/home/nicolas/.m2/repository/org/springframework/cloud/spring-cloud-contract-spec-java/2.2.0.RELEASE/spring-cloud-contract-spec-java-2.2.0.RELEASE.jar:/home/nicolas/.m2/repository/dk/brics/automaton/automaton/1.11-8/automaton-1.11-8.jar:/home/nicolas/.m2/repository/org/apache/commons/commons-text/1.7/commons-text-1.7.jar:/home/nicolas/.m2/repository/org/springframework/cloud/spring-cloud-contract-spec-groovy/2.2.0.RELEASE/spring-cloud-contract-spec-groovy-2.2.0.RELEASE.jar:/home/nicolas/.m2/repository/org/springframework/cloud/spring-cloud-contract-shade/2.2.0.RELEASE/spring-cloud-contract-shade-2.2.0.RELEASE.jar:/home/nicolas/.m2/repository/com/github/tomakehurst/wiremock-jre8-standalone/2.25.1/wiremock-jre8-standalone-2.25.1.jar:/home/nicolas/.m2/repository/org/apache/maven/resolver/maven-resolver-api/1.3.3/maven-resolver-api-1.3.3.jar:/home/nicolas/.m2/repository/com/rackspace/eclipse/webtools/sourceediting/org.eclipse.wst.xml.xpath2.processor/2.1.100/org.eclipse.wst.xml.xpath2.processor-2.1.100.jar:/home/nicolas/.m2/repository/edu/princeton/cup/java-cup/10k/java-cup-10k.jar:/home/nicolas/.m2/repository/com/ibm/icu/icu4j/4.6/icu4j-4.6.jar:/home/nicolas/.m2/repository/org/codehaus/groovy/groovy/2.5.14/groovy-2.5.14.jar:/home/nicolas/.m2/repository/org/codehaus/groovy/groovy-nio/2.5.14/groovy-nio-2.5.14.jar:/home/nicolas/.m2/repository/org/codehaus/groovy/groovy-json/2.5.14/groovy-json-2.5.14.jar:/home/nicolas/.m2/repository/org/codehaus/groovy/groovy-xml/2.5.14/groovy-xml-2.5.14.jar:/home/nicolas/.m2/repository/com/github/jknack/handlebars/4.1.2/handlebars-4.1.2.jar:/home/nicolas/.m2/repository/com/fasterxml/jackson/dataformat/jackson-dataformat-yaml/2.11.4/jackson-dataformat-yaml-2.11.4.jar:/home/nicolas/.m2/repository/org/springframework/cloud/spring-cloud-function-compiler/3.0.0.RELEASE/spring-cloud-function-compiler-3.0.0.RELEASE.jar:/home/nicolas/.m2/repository/org/eclipse/jdt/core/compiler/ecj/4.4.2/ecj-4.4.2.jar:/home/nicolas/.m2/repository/org/springframework/cloud/spring-cloud-function-core/3.0.0.RELEASE/spring-cloud-function-core-3.0.0.RELEASE.jar:/home/nicolas/.m2/repository/io/rest-assured/rest-assured/3.3.0/rest-assured-3.3.0.jar:/home/nicolas/.m2/repository/org/apache/httpcomponents/httpmime/4.5.13/httpmime-4.5.13.jar:/home/nicolas/.m2/repository/org/hamcrest/hamcrest-core/2.2/hamcrest-core-2.2.jar:/home/nicolas/.m2/repository/org/hamcrest/hamcrest-library/2.2/hamcrest-library-2.2.jar:/home/nicolas/.m2/repository/org/ccil/cowan/tagsoup/tagsoup/1.2.1/tagsoup-1.2.1.jar:/home/nicolas/.m2/repository/io/rest-assured/json-path/3.3.0/json-path-3.3.0.jar:/home/nicolas/.m2/repository/io/rest-assured/rest-assured-common/3.3.0/rest-assured-common-3.3.0.jar:/home/nicolas/.m2/repository/io/rest-assured/xml-path/3.3.0/xml-path-3.3.0.jar:/home/nicolas/.m2/repository/javax/xml/bind/jaxb-api/2.3.1/jaxb-api-2.3.1.jar:/home/nicolas/.m2/repository/javax/activation/javax.activation-api/1.2.0/javax.activation-api-1.2.0.jar:/home/nicolas/.m2/repository/com/sun/xml/bind/jaxb-osgi/2.2.10/jaxb-osgi-2.2.10.jar:/home/nicolas/.m2/repository/org/apache/sling/org.apache.sling.javax.activation/0.1.0/org.apache.sling.javax.activation-0.1.0.jar:/home/nicolas/.m2/repository/javax/activation/activation/1.1.1/activation-1.1.1.jar:/home/nicolas/.m2/repository/io/rest-assured/spring-mock-mvc/3.3.0/spring-mock-mvc-3.3.0.jar:/home/nicolas/.m2/repository/io/rest-assured/spring-commons/3.3.0/spring-commons-3.3.0.jar:/home/nicolas/.m2/repository/com/toomuchcoding/jsonassert/jsonassert/0.4.13/jsonassert-0.4.13.jar:/home/nicolas/.m2/repository/cglib/cglib/3.2.9/cglib-3.2.9.jar:/home/nicolas/.m2/repository/org/apache/ant/ant/1.10.3/ant-1.10.3.jar:/home/nicolas/.m2/repository/org/apache/ant/ant-launcher/1.10.3/ant-launcher-1.10.3.jar:"/>
    <property name="java.vm.vendor" value="Oracle Corporation"/>
    <property name="sun.arch.data.model" value="64"/>
    <property name="java.vendor.url" value="http://java.oracle.com/"/>
    <property name="user.timezone" value=""/>
    <property name="java.vm.specification.version" value="1.8"/>
    <property name="os.name" value="Linux"/>
    <property name="user.country" value="CL"/>
    <property name="sun.java.launcher" value="SUN_STANDARD"/>
    <property name="sun.boot.library.path" value="/usr/lib/jvm/jdk1.8.0_281/jre/lib/amd64"/>
    <property name="sun.java.command" value="/home/nicolas/Escritorio/Amisoft/Unificado/Git/prueba-integracion-continua/Microservicio/target/surefire/surefirebooter1634454034313324813.jar /home/nicolas/Escritorio/Amisoft/Unificado/Git/prueba-integracion-continua/Microservicio/target/surefire 2021-04-23T09-35-29_344-jvmRun1 surefire5398538565152017963tmp surefire_0284631862932590878tmp"/>
    <property name="surefire.test.class.path" value="/home/nicolas/Escritorio/Amisoft/Unificado/Git/prueba-integracion-continua/Microservicio/target/test-classes:/home/nicolas/Escritorio/Amisoft/Unificado/Git/prueba-integracion-continua/Microservicio/target/classes:/home/nicolas/.m2/repository/org/springframework/boot/spring-boot-starter-web/2.3.8.RELEASE/spring-boot-starter-web-2.3.8.RELEASE.jar:/home/nicolas/.m2/repository/org/springframework/boot/spring-boot-starter/2.3.8.RELEASE/spring-boot-starter-2.3.8.RELEASE.jar:/home/nicolas/.m2/repository/org/springframework/boot/spring-boot-starter-logging/2.3.8.RELEASE/spring-boot-starter-logging-2.3.8.RELEASE.jar:/home/nicolas/.m2/repository/ch/qos/logback/logback-classic/1.2.3/logback-classic-1.2.3.jar:/home/nicolas/.m2/repository/ch/qos/logback/logback-core/1.2.3/logback-core-1.2.3.jar:/home/nicolas/.m2/repository/org/apache/logging/log4j/log4j-to-slf4j/2.13.3/log4j-to-slf4j-2.13.3.jar:/home/nicolas/.m2/repository/org/apache/logging/log4j/log4j-api/2.13.3/log4j-api-2.13.3.jar:/home/nicolas/.m2/repository/org/slf4j/jul-to-slf4j/1.7.30/jul-to-slf4j-1.7.30.jar:/home/nicolas/.m2/repository/jakarta/annotation/jakarta.annotation-api/1.3.5/jakarta.annotation-api-1.3.5.jar:/home/nicolas/.m2/repository/org/yaml/snakeyaml/1.26/snakeyaml-1.26.jar:/home/nicolas/.m2/repository/org/springframework/boot/spring-boot-starter-json/2.3.8.RELEASE/spring-boot-starter-json-2.3.8.RELEASE.jar:/home/nicolas/.m2/repository/com/fasterxml/jackson/datatype/jackson-datatype-jdk8/2.11.4/jackson-datatype-jdk8-2.11.4.jar:/home/nicolas/.m2/repository/com/fasterxml/jackson/datatype/jackson-datatype-jsr310/2.11.4/jackson-datatype-jsr310-2.11.4.jar:/home/nicolas/.m2/repository/com/fasterxml/jackson/module/jackson-module-parameter-names/2.11.4/jackson-module-parameter-names-2.11.4.jar:/home/nicolas/.m2/repository/org/springframework/boot/spring-boot-starter-tomcat/2.3.8.RELEASE/spring-boot-starter-tomcat-2.3.8.RELEASE.jar:/home/nicolas/.m2/repository/org/apache/tomcat/embed/tomcat-embed-core/9.0.41/tomcat-embed-core-9.0.41.jar:/home/nicolas/.m2/repository/org/apache/tomcat/embed/tomcat-embed-websocket/9.0.41/tomcat-embed-websocket-9.0.41.jar:/home/nicolas/.m2/repository/org/springframework/spring-web/5.2.12.RELEASE/spring-web-5.2.12.RELEASE.jar:/home/nicolas/.m2/repository/org/springframework/spring-beans/5.2.12.RELEASE/spring-beans-5.2.12.RELEASE.jar:/home/nicolas/.m2/repository/org/springframework/spring-webmvc/5.2.12.RELEASE/spring-webmvc-5.2.12.RELEASE.jar:/home/nicolas/.m2/repository/org/springframework/spring-aop/5.2.12.RELEASE/spring-aop-5.2.12.RELEASE.jar:/home/nicolas/.m2/repository/org/springframework/spring-context/5.2.12.RELEASE/spring-context-5.2.12.RELEASE.jar:/home/nicolas/.m2/repository/org/springframework/spring-expression/5.2.12.RELEASE/spring-expression-5.2.12.RELEASE.jar:/home/nicolas/.m2/repository/org/springframework/boot/spring-boot-starter-data-jpa/2.3.8.RELEASE/spring-boot-starter-data-jpa-2.3.8.RELEASE.jar:/home/nicolas/.m2/repository/org/springframework/boot/spring-boot-starter-aop/2.3.8.RELEASE/spring-boot-starter-aop-2.3.8.RELEASE.jar:/home/nicolas/.m2/repository/org/aspectj/aspectjweaver/1.9.6/aspectjweaver-1.9.6.jar:/home/nicolas/.m2/repository/org/springframework/boot/spring-boot-starter-jdbc/2.3.8.RELEASE/spring-boot-starter-jdbc-2.3.8.RELEASE.jar:/home/nicolas/.m2/repository/com/zaxxer/HikariCP/3.4.5/HikariCP-3.4.5.jar:/home/nicolas/.m2/repository/org/springframework/spring-jdbc/5.2.12.RELEASE/spring-jdbc-5.2.12.RELEASE.jar:/home/nicolas/.m2/repository/jakarta/transaction/jakarta.transaction-api/1.3.3/jakarta.transaction-api-1.3.3.jar:/home/nicolas/.m2/repository/jakarta/persistence/jakarta.persistence-api/2.2.3/jakarta.persistence-api-2.2.3.jar:/home/nicolas/.m2/repository/org/hibernate/hibernate-core/5.4.27.Final/hibernate-core-5.4.27.Final.jar:/home/nicolas/.m2/repository/org/jboss/logging/jboss-logging/3.4.1.Final/jboss-logging-3.4.1.Final.jar:/home/nicolas/.m2/repository/org/javassist/javassist/3.27.0-GA/javassist-3.27.0-GA.jar:/home/nicolas/.m2/repository/net/bytebuddy/byte-buddy/1.10.19/byte-buddy-1.10.19.jar:/home/nicolas/.m2/repository/antlr/antlr/2.7.7/antlr-2.7.7.jar:/home/nicolas/.m2/repository/org/jboss/jandex/2.1.3.Final/jandex-2.1.3.Final.jar:/home/nicolas/.m2/repository/org/dom4j/dom4j/2.1.3/dom4j-2.1.3.jar:/home/nicolas/.m2/repository/org/hibernate/common/hibernate-commons-annotations/5.1.2.Final/hibernate-commons-annotations-5.1.2.Final.jar:/home/nicolas/.m2/repository/org/glassfish/jaxb/jaxb-runtime/2.3.3/jaxb-runtime-2.3.3.jar:/home/nicolas/.m2/repository/org/glassfish/jaxb/txw2/2.3.3/txw2-2.3.3.jar:/home/nicolas/.m2/repository/com/sun/istack/istack-commons-runtime/3.0.11/istack-commons-runtime-3.0.11.jar:/home/nicolas/.m2/repository/com/sun/activation/jakarta.activation/1.2.2/jakarta.activation-1.2.2.jar:/home/nicolas/.m2/repository/org/springframework/data/spring-data-jpa/2.3.6.RELEASE/spring-data-jpa-2.3.6.RELEASE.jar:/home/nicolas/.m2/repository/org/springframework/data/spring-data-commons/2.3.6.RELEASE/spring-data-commons-2.3.6.RELEASE.jar:/home/nicolas/.m2/repository/org/springframework/spring-orm/5.2.12.RELEASE/spring-orm-5.2.12.RELEASE.jar:/home/nicolas/.m2/repository/org/springframework/spring-tx/5.2.12.RELEASE/spring-tx-5.2.12.RELEASE.jar:/home/nicolas/.m2/repository/org/springframework/spring-aspects/5.2.12.RELEASE/spring-aspects-5.2.12.RELEASE.jar:/home/nicolas/.m2/repository/org/springframework/boot/spring-boot-starter-validation/2.3.8.RELEASE/spring-boot-starter-validation-2.3.8.RELEASE.jar:/home/nicolas/.m2/repository/org/glassfish/jakarta.el/3.0.3/jakarta.el-3.0.3.jar:/home/nicolas/.m2/repository/org/hibernate/validator/hibernate-validator/6.1.7.Final/hibernate-validator-6.1.7.Final.jar:/home/nicolas/.m2/repository/jakarta/validation/jakarta.validation-api/2.0.2/jakarta.validation-api-2.0.2.jar:/home/nicolas/.m2/repository/org/springframework/boot/spring-boot-devtools/2.3.8.RELEASE/spring-boot-devtools-2.3.8.RELEASE.jar:/home/nicolas/.m2/repository/org/springframework/boot/spring-boot/2.3.8.RELEASE/spring-boot-2.3.8.RELEASE.jar:/home/nicolas/.m2/repository/org/springframework/boot/spring-boot-autoconfigure/2.3.8.RELEASE/spring-boot-autoconfigure-2.3.8.RELEASE.jar:/home/nicolas/.m2/repository/com/h2database/h2/1.4.200/h2-1.4.200.jar:/home/nicolas/.m2/repository/org/springframework/boot/spring-boot-starter-test/2.3.8.RELEASE/spring-boot-starter-test-2.3.8.RELEASE.jar:/home/nicolas/.m2/repository/org/springframework/boot/spring-boot-test/2.3.8.RELEASE/spring-boot-test-2.3.8.RELEASE.jar:/home/nicolas/.m2/repository/org/springframework/boot/spring-boot-test-autoconfigure/2.3.8.RELEASE/spring-boot-test-autoconfigure-2.3.8.RELEASE.jar:/home/nicolas/.m2/repository/com/jayway/jsonpath/json-path/2.4.0/json-path-2.4.0.jar:/home/nicolas/.m2/repository/net/minidev/json-smart/2.3/json-smart-2.3.jar:/home/nicolas/.m2/repository/net/minidev/accessors-smart/1.2/accessors-smart-1.2.jar:/home/nicolas/.m2/repository/jakarta/xml/bind/jakarta.xml.bind-api/2.3.3/jakarta.xml.bind-api-2.3.3.jar:/home/nicolas/.m2/repository/jakarta/activation/jakarta.activation-api/1.2.2/jakarta.activation-api-1.2.2.jar:/home/nicolas/.m2/repository/org/assertj/assertj-core/3.16.1/assertj-core-3.16.1.jar:/home/nicolas/.m2/repository/org/hamcrest/hamcrest/2.2/hamcrest-2.2.jar:/home/nicolas/.m2/repository/org/junit/jupiter/junit-jupiter/5.6.3/junit-jupiter-5.6.3.jar:/home/nicolas/.m2/repository/org/junit/jupiter/junit-jupiter-api/5.6.3/junit-jupiter-api-5.6.3.jar:/home/nicolas/.m2/repository/org/apiguardian/apiguardian-api/1.1.0/apiguardian-api-1.1.0.jar:/home/nicolas/.m2/repository/org/opentest4j/opentest4j/1.2.0/opentest4j-1.2.0.jar:/home/nicolas/.m2/repository/org/junit/platform/junit-platform-commons/1.6.3/junit-platform-commons-1.6.3.jar:/home/nicolas/.m2/repository/org/junit/jupiter/junit-jupiter-params/5.6.3/junit-jupiter-params-5.6.3.jar:/home/nicolas/.m2/repository/org/junit/jupiter/junit-jupiter-engine/5.6.3/junit-jupiter-engine-5.6.3.jar:/home/nicolas/.m2/repository/org/junit/platform/junit-platform-engine/1.6.3/junit-platform-engine-1.6.3.jar:/home/nicolas/.m2/repository/org/mockito/mockito-core/3.3.3/mockito-core-3.3.3.jar:/home/nicolas/.m2/repository/net/bytebuddy/byte-buddy-agent/1.10.19/byte-buddy-agent-1.10.19.jar:/home/nicolas/.m2/repository/org/objenesis/objenesis/2.6/objenesis-2.6.jar:/home/nicolas/.m2/repository/org/mockito/mockito-junit-jupiter/3.3.3/mockito-junit-jupiter-3.3.3.jar:/home/nicolas/.m2/repository/org/skyscreamer/jsonassert/1.5.0/jsonassert-1.5.0.jar:/home/nicolas/.m2/repository/com/vaadin/external/google/android-json/0.0.20131108.vaadin1/android-json-0.0.20131108.vaadin1.jar:/home/nicolas/.m2/repository/org/springframework/spring-core/5.2.12.RELEASE/spring-core-5.2.12.RELEASE.jar:/home/nicolas/.m2/repository/org/springframework/spring-jcl/5.2.12.RELEASE/spring-jcl-5.2.12.RELEASE.jar:/home/nicolas/.m2/repository/org/springframework/spring-test/5.2.12.RELEASE/spring-test-5.2.12.RELEASE.jar:/home/nicolas/.m2/repository/org/xmlunit/xmlunit-core/2.7.0/xmlunit-core-2.7.0.jar:/home/nicolas/.m2/repository/io/springfox/springfox-swagger2/2.6.1/springfox-swagger2-2.6.1.jar:/home/nicolas/.m2/repository/io/swagger/swagger-annotations/1.5.10/swagger-annotations-1.5.10.jar:/home/nicolas/.m2/repository/io/swagger/swagger-models/1.5.10/swagger-models-1.5.10.jar:/home/nicolas/.m2/repository/com/fasterxml/jackson/core/jackson-annotations/2.11.4/jackson-annotations-2.11.4.jar:/home/nicolas/.m2/repository/io/springfox/springfox-spi/2.6.1/springfox-spi-2.6.1.jar:/home/nicolas/.m2/repository/io/springfox/springfox-core/2.6.1/springfox-core-2.6.1.jar:/home/nicolas/.m2/repository/io/springfox/springfox-schema/2.6.1/springfox-schema-2.6.1.jar:/home/nicolas/.m2/repository/io/springfox/springfox-swagger-common/2.6.1/springfox-swagger-common-2.6.1.jar:/home/nicolas/.m2/repository/io/springfox/springfox-spring-web/2.6.1/springfox-spring-web-2.6.1.jar:/home/nicolas/.m2/repository/com/google/guava/guava/18.0/guava-18.0.jar:/home/nicolas/.m2/repository/com/fasterxml/classmate/1.5.1/classmate-1.5.1.jar:/home/nicolas/.m2/repository/org/slf4j/slf4j-api/1.7.30/slf4j-api-1.7.30.jar:/home/nicolas/.m2/repository/org/springframework/plugin/spring-plugin-core/1.2.0.RELEASE/spring-plugin-core-1.2.0.RELEASE.jar:/home/nicolas/.m2/repository/org/springframework/plugin/spring-plugin-metadata/1.2.0.RELEASE/spring-plugin-metadata-1.2.0.RELEASE.jar:/home/nicolas/.m2/repository/org/mapstruct/mapstruct/1.0.0.Final/mapstruct-1.0.0.Final.jar:/home/nicolas/.m2/repository/io/springfox/springfox-swagger-ui/2.6.1/springfox-swagger-ui-2.6.1.jar:/home/nicolas/.m2/repository/org/jacoco/jacoco-maven-plugin/0.7.9/jacoco-maven-plugin-0.7.9.jar:/home/nicolas/.m2/repository/org/apache/maven/maven-plugin-api/2.2.1/maven-plugin-api-2.2.1.jar:/home/nicolas/.m2/repository/org/apache/maven/maven-project/2.2.1/maven-project-2.2.1.jar:/home/nicolas/.m2/repository/org/apache/maven/maven-settings/2.2.1/maven-settings-2.2.1.jar:/home/nicolas/.m2/repository/org/apache/maven/maven-profile/2.2.1/maven-profile-2.2.1.jar:/home/nicolas/.m2/repository/org/apache/maven/maven-model/2.2.1/maven-model-2.2.1.jar:/home/nicolas/.m2/repository/org/apache/maven/maven-artifact-manager/2.2.1/maven-artifact-manager-2.2.1.jar:/home/nicolas/.m2/repository/org/apache/maven/maven-repository-metadata/2.2.1/maven-repository-metadata-2.2.1.jar:/home/nicolas/.m2/repository/org/apache/maven/wagon/wagon-provider-api/1.0-beta-6/wagon-provider-api-1.0-beta-6.jar:/home/nicolas/.m2/repository/backport-util-concurrent/backport-util-concurrent/3.1/backport-util-concurrent-3.1.jar:/home/nicolas/.m2/repository/org/apache/maven/maven-plugin-registry/2.2.1/maven-plugin-registry-2.2.1.jar:/home/nicolas/.m2/repository/org/codehaus/plexus/plexus-interpolation/1.11/plexus-interpolation-1.11.jar:/home/nicolas/.m2/repository/org/apache/maven/maven-artifact/2.2.1/maven-artifact-2.2.1.jar:/home/nicolas/.m2/repository/org/codehaus/plexus/plexus-container-default/1.0-alpha-9-stable-1/plexus-container-default-1.0-alpha-9-stable-1.jar:/home/nicolas/.m2/repository/junit/junit/4.13.1/junit-4.13.1.jar:/home/nicolas/.m2/repository/classworlds/classworlds/1.1-alpha-2/classworlds-1.1-alpha-2.jar:/home/nicolas/.m2/repository/org/codehaus/plexus/plexus-utils/3.0.22/plexus-utils-3.0.22.jar:/home/nicolas/.m2/repository/org/apache/maven/shared/file-management/1.2.1/file-management-1.2.1.jar:/home/nicolas/.m2/repository/org/apache/maven/shared/maven-shared-io/1.1/maven-shared-io-1.1.jar:/home/nicolas/.m2/repository/org/apache/maven/reporting/maven-reporting-api/2.2.1/maven-reporting-api-2.2.1.jar:/home/nicolas/.m2/repository/org/apache/maven/doxia/doxia-sink-api/1.1/doxia-sink-api-1.1.jar:/home/nicolas/.m2/repository/org/apache/maven/doxia/doxia-logging-api/1.1/doxia-logging-api-1.1.jar:/home/nicolas/.m2/repository/org/apache/maven/reporting/maven-reporting-impl/2.1/maven-reporting-impl-2.1.jar:/home/nicolas/.m2/repository/org/apache/maven/doxia/doxia-core/1.1.2/doxia-core-1.1.2.jar:/home/nicolas/.m2/repository/xerces/xercesImpl/2.8.1/xercesImpl-2.8.1.jar:/home/nicolas/.m2/repository/commons-httpclient/commons-httpclient/3.1/commons-httpclient-3.1.jar:/home/nicolas/.m2/repository/org/apache/maven/doxia/doxia-site-renderer/1.1.2/doxia-site-renderer-1.1.2.jar:/home/nicolas/.m2/repository/org/apache/maven/doxia/doxia-decoration-model/1.1.2/doxia-decoration-model-1.1.2.jar:/home/nicolas/.m2/repository/org/apache/maven/doxia/doxia-module-xhtml/1.1.2/doxia-module-xhtml-1.1.2.jar:/home/nicolas/.m2/repository/org/apache/maven/doxia/doxia-module-fml/1.1.2/doxia-module-fml-1.1.2.jar:/home/nicolas/.m2/repository/org/codehaus/plexus/plexus-i18n/1.0-beta-7/plexus-i18n-1.0-beta-7.jar:/home/nicolas/.m2/repository/org/codehaus/plexus/plexus-velocity/1.1.7/plexus-velocity-1.1.7.jar:/home/nicolas/.m2/repository/org/apache/velocity/velocity/1.5/velocity-1.5.jar:/home/nicolas/.m2/repository/commons-validator/commons-validator/1.2.0/commons-validator-1.2.0.jar:/home/nicolas/.m2/repository/commons-digester/commons-digester/1.6/commons-digester-1.6.jar:/home/nicolas/.m2/repository/oro/oro/2.0.8/oro-2.0.8.jar:/home/nicolas/.m2/repository/xml-apis/xml-apis/1.0.b2/xml-apis-1.0.b2.jar:/home/nicolas/.m2/repository/org/jacoco/org.jacoco.agent/0.7.9/org.jacoco.agent-0.7.9-runtime.jar:/home/nicolas/.m2/repository/org/jacoco/org.jacoco.core/0.7.9/org.jacoco.core-0.7.9.jar:/home/nicolas/.m2/repository/org/ow2/asm/asm-debug-all/5.2/asm-debug-all-5.2.jar:/home/nicolas/.m2/repository/org/jacoco/org.jacoco.report/0.7.9/org.jacoco.report-0.7.9.jar:/home/nicolas/.m2/repository/org/springframework/cloud/spring-cloud-netflix-eureka-server/2.2.0.RELEASE/spring-cloud-netflix-eureka-server-2.2.0.RELEASE.jar:/home/nicolas/.m2/repository/org/springframework/boot/spring-boot-starter-freemarker/2.3.8.RELEASE/spring-boot-starter-freemarker-2.3.8.RELEASE.jar:/home/nicolas/.m2/repository/org/freemarker/freemarker/2.3.30/freemarker-2.3.30.jar:/home/nicolas/.m2/repository/org/springframework/spring-context-support/5.2.12.RELEASE/spring-context-support-5.2.12.RELEASE.jar:/home/nicolas/.m2/repository/org/springframework/cloud/spring-cloud-commons/2.2.0.RELEASE/spring-cloud-commons-2.2.0.RELEASE.jar:/home/nicolas/.m2/repository/org/springframework/security/spring-security-crypto/5.3.6.RELEASE/spring-security-crypto-5.3.6.RELEASE.jar:/home/nicolas/.m2/repository/org/springframework/cloud/spring-cloud-netflix-hystrix/2.2.0.RELEASE/spring-cloud-netflix-hystrix-2.2.0.RELEASE.jar:/home/nicolas/.m2/repository/com/netflix/eureka/eureka-client/1.9.13/eureka-client-1.9.13.jar:/home/nicolas/.m2/repository/org/codehaus/jettison/jettison/1.3.7/jettison-1.3.7.jar:/home/nicolas/.m2/repository/stax/stax-api/1.0.1/stax-api-1.0.1.jar:/home/nicolas/.m2/repository/com/netflix/netflix-commons/netflix-eventbus/0.3.0/netflix-eventbus-0.3.0.jar:/home/nicolas/.m2/repository/com/netflix/netflix-commons/netflix-infix/0.3.0/netflix-infix-0.3.0.jar:/home/nicolas/.m2/repository/commons-jxpath/commons-jxpath/1.3/commons-jxpath-1.3.jar:/home/nicolas/.m2/repository/joda-time/joda-time/2.3/joda-time-2.3.jar:/home/nicolas/.m2/repository/org/antlr/antlr-runtime/3.4/antlr-runtime-3.4.jar:/home/nicolas/.m2/repository/org/antlr/stringtemplate/3.2.1/stringtemplate-3.2.1.jar:/home/nicolas/.m2/repository/com/google/code/gson/gson/2.8.6/gson-2.8.6.jar:/home/nicolas/.m2/repository/org/apache/commons/commons-math/2.2/commons-math-2.2.jar:/home/nicolas/.m2/repository/javax/ws/rs/jsr311-api/1.1.1/jsr311-api-1.1.1.jar:/home/nicolas/.m2/repository/com/netflix/servo/servo-core/0.12.21/servo-core-0.12.21.jar:/home/nicolas/.m2/repository/com/sun/jersey/jersey-core/1.19.1/jersey-core-1.19.1.jar:/home/nicolas/.m2/repository/com/sun/jersey/contribs/jersey-apache-client4/1.19.1/jersey-apache-client4-1.19.1.jar:/home/nicolas/.m2/repository/org/apache/httpcomponents/httpclient/4.5.13/httpclient-4.5.13.jar:/home/nicolas/.m2/repository/org/apache/httpcomponents/httpcore/4.4.14/httpcore-4.4.14.jar:/home/nicolas/.m2/repository/com/google/inject/guice/4.1.0/guice-4.1.0.jar:/home/nicolas/.m2/repository/aopalliance/aopalliance/1.0/aopalliance-1.0.jar:/home/nicolas/.m2/repository/com/fasterxml/jackson/core/jackson-core/2.11.4/jackson-core-2.11.4.jar:/home/nicolas/.m2/repository/com/sun/jersey/jersey-servlet/1.19.1/jersey-servlet-1.19.1.jar:/home/nicolas/.m2/repository/com/sun/jersey/jersey-server/1.19.1/jersey-server-1.19.1.jar:/home/nicolas/.m2/repository/com/sun/jersey/jersey-client/1.19.1/jersey-client-1.19.1.jar:/home/nicolas/.m2/repository/com/netflix/eureka/eureka-core/1.9.13/eureka-core-1.9.13.jar:/home/nicolas/.m2/repository/com/fasterxml/woodstox/woodstox-core/5.2.1/woodstox-core-5.2.1.jar:/home/nicolas/.m2/repository/com/netflix/archaius/archaius-core/0.7.6/archaius-core-0.7.6.jar:/home/nicolas/.m2/repository/com/google/code/findbugs/jsr305/3.0.1/jsr305-3.0.1.jar:/home/nicolas/.m2/repository/commons-configuration/commons-configuration/1.8/commons-configuration-1.8.jar:/home/nicolas/.m2/repository/javax/inject/javax.inject/1/javax.inject-1.jar:/home/nicolas/.m2/repository/com/fasterxml/jackson/dataformat/jackson-dataformat-xml/2.11.4/jackson-dataformat-xml-2.11.4.jar:/home/nicolas/.m2/repository/com/fasterxml/jackson/module/jackson-module-jaxb-annotations/2.11.4/jackson-module-jaxb-annotations-2.11.4.jar:/home/nicolas/.m2/repository/org/codehaus/woodstox/stax2-api/4.2.1/stax2-api-4.2.1.jar:/home/nicolas/.m2/repository/com/thoughtworks/xstream/xstream/1.4.11.1/xstream-1.4.11.1.jar:/home/nicolas/.m2/repository/xmlpull/xmlpull/1.1.3.1/xmlpull-1.1.3.1.jar:/home/nicolas/.m2/repository/xpp3/xpp3_min/1.1.4c/xpp3_min-1.1.4c.jar:/home/nicolas/.m2/repository/org/springframework/cloud/spring-cloud-starter-config/2.2.0.RELEASE/spring-cloud-starter-config-2.2.0.RELEASE.jar:/home/nicolas/.m2/repository/org/springframework/cloud/spring-cloud-starter/2.2.0.RELEASE/spring-cloud-starter-2.2.0.RELEASE.jar:/home/nicolas/.m2/repository/org/springframework/cloud/spring-cloud-context/2.2.0.RELEASE/spring-cloud-context-2.2.0.RELEASE.jar:/home/nicolas/.m2/repository/org/springframework/security/spring-security-rsa/1.0.7.RELEASE/spring-security-rsa-1.0.7.RELEASE.jar:/home/nicolas/.m2/repository/org/bouncycastle/bcpkix-jdk15on/1.60/bcpkix-jdk15on-1.60.jar:/home/nicolas/.m2/repository/org/bouncycastle/bcprov-jdk15on/1.60/bcprov-jdk15on-1.60.jar:/home/nicolas/.m2/repository/org/springframework/cloud/spring-cloud-config-client/2.2.0.RELEASE/spring-cloud-config-client-2.2.0.RELEASE.jar:/home/nicolas/.m2/repository/com/fasterxml/jackson/core/jackson-databind/2.11.4/jackson-databind-2.11.4.jar:/home/nicolas/.m2/repository/org/springframework/cloud/spring-cloud-starter-netflix-hystrix/2.2.0.RELEASE/spring-cloud-starter-netflix-hystrix-2.2.0.RELEASE.jar:/home/nicolas/.m2/repository/org/springframework/cloud/spring-cloud-netflix-ribbon/2.2.0.RELEASE/spring-cloud-netflix-ribbon-2.2.0.RELEASE.jar:/home/nicolas/.m2/repository/org/springframework/cloud/spring-cloud-netflix-archaius/2.2.0.RELEASE/spring-cloud-netflix-archaius-2.2.0.RELEASE.jar:/home/nicolas/.m2/repository/org/springframework/cloud/spring-cloud-starter-netflix-archaius/2.2.0.RELEASE/spring-cloud-starter-netflix-archaius-2.2.0.RELEASE.jar:/home/nicolas/.m2/repository/com/netflix/hystrix/hystrix-core/1.5.18/hystrix-core-1.5.18.jar:/home/nicolas/.m2/repository/io/reactivex/rxjava/1.3.8/rxjava-1.3.8.jar:/home/nicolas/.m2/repository/org/hdrhistogram/HdrHistogram/2.1.9/HdrHistogram-2.1.9.jar:/home/nicolas/.m2/repository/com/netflix/hystrix/hystrix-serialization/1.5.18/hystrix-serialization-1.5.18.jar:/home/nicolas/.m2/repository/com/fasterxml/jackson/module/jackson-module-afterburner/2.11.4/jackson-module-afterburner-2.11.4.jar:/home/nicolas/.m2/repository/com/netflix/hystrix/hystrix-metrics-event-stream/1.5.18/hystrix-metrics-event-stream-1.5.18.jar:/home/nicolas/.m2/repository/com/netflix/hystrix/hystrix-javanica/1.5.18/hystrix-javanica-1.5.18.jar:/home/nicolas/.m2/repository/org/apache/commons/commons-lang3/3.10/commons-lang3-3.10.jar:/home/nicolas/.m2/repository/org/ow2/asm/asm/5.0.4/asm-5.0.4.jar:/home/nicolas/.m2/repository/io/reactivex/rxjava-reactive-streams/1.2.1/rxjava-reactive-streams-1.2.1.jar:/home/nicolas/.m2/repository/org/reactivestreams/reactive-streams/1.0.3/reactive-streams-1.0.3.jar:/home/nicolas/.m2/repository/org/springframework/cloud/spring-cloud-starter-netflix-hystrix-dashboard/2.2.0.RELEASE/spring-cloud-starter-netflix-hystrix-dashboard-2.2.0.RELEASE.jar:/home/nicolas/.m2/repository/org/springframework/cloud/spring-cloud-netflix-hystrix-dashboard/2.2.0.RELEASE/spring-cloud-netflix-hystrix-dashboard-2.2.0.RELEASE.jar:/home/nicolas/.m2/repository/org/webjars/jquery/2.1.1/jquery-2.1.1.jar:/home/nicolas/.m2/repository/org/webjars/d3js/3.4.11/d3js-3.4.11.jar:/home/nicolas/.m2/repository/org/springframework/boot/spring-boot-starter-actuator/2.3.8.RELEASE/spring-boot-starter-actuator-2.3.8.RELEASE.jar:/home/nicolas/.m2/repository/org/springframework/boot/spring-boot-actuator-autoconfigure/2.3.8.RELEASE/spring-boot-actuator-autoconfigure-2.3.8.RELEASE.jar:/home/nicolas/.m2/repository/org/springframework/boot/spring-boot-actuator/2.3.8.RELEASE/spring-boot-actuator-2.3.8.RELEASE.jar:/home/nicolas/.m2/repository/io/micrometer/micrometer-core/1.5.10/micrometer-core-1.5.10.jar:/home/nicolas/.m2/repository/org/latencyutils/LatencyUtils/2.0.3/LatencyUtils-2.0.3.jar:/home/nicolas/.m2/repository/org/springframework/cloud/spring-cloud-starter-sleuth/2.2.0.RELEASE/spring-cloud-starter-sleuth-2.2.0.RELEASE.jar:/home/nicolas/.m2/repository/org/springframework/cloud/spring-cloud-sleuth-core/2.2.0.RELEASE/spring-cloud-sleuth-core-2.2.0.RELEASE.jar:/home/nicolas/.m2/repository/org/aspectj/aspectjrt/1.9.6/aspectjrt-1.9.6.jar:/home/nicolas/.m2/repository/io/zipkin/brave/brave/5.9.0/brave-5.9.0.jar:/home/nicolas/.m2/repository/io/zipkin/brave/brave-context-log4j2/5.9.0/brave-context-log4j2-5.9.0.jar:/home/nicolas/.m2/repository/io/zipkin/brave/brave-instrumentation-messaging/5.9.0/brave-instrumentation-messaging-5.9.0.jar:/home/nicolas/.m2/repository/io/zipkin/brave/brave-instrumentation-rpc/5.9.0/brave-instrumentation-rpc-5.9.0.jar:/home/nicolas/.m2/repository/io/zipkin/brave/brave-instrumentation-spring-web/5.9.0/brave-instrumentation-spring-web-5.9.0.jar:/home/nicolas/.m2/repository/io/zipkin/brave/brave-instrumentation-http/5.9.0/brave-instrumentation-http-5.9.0.jar:/home/nicolas/.m2/repository/io/zipkin/brave/brave-instrumentation-spring-rabbit/5.9.0/brave-instrumentation-spring-rabbit-5.9.0.jar:/home/nicolas/.m2/repository/io/zipkin/brave/brave-instrumentation-kafka-clients/5.9.0/brave-instrumentation-kafka-clients-5.9.0.jar:/home/nicolas/.m2/repository/io/zipkin/brave/brave-instrumentation-kafka-streams/5.9.0/brave-instrumentation-kafka-streams-5.9.0.jar:/home/nicolas/.m2/repository/io/zipkin/brave/brave-instrumentation-httpclient/5.9.0/brave-instrumentation-httpclient-5.9.0.jar:/home/nicolas/.m2/repository/io/zipkin/brave/brave-instrumentation-httpasyncclient/5.9.0/brave-instrumentation-httpasyncclient-5.9.0.jar:/home/nicolas/.m2/repository/io/zipkin/brave/brave-instrumentation-spring-webmvc/5.9.0/brave-instrumentation-spring-webmvc-5.9.0.jar:/home/nicolas/.m2/repository/io/zipkin/brave/brave-instrumentation-servlet/5.9.0/brave-instrumentation-servlet-5.9.0.jar:/home/nicolas/.m2/repository/io/zipkin/brave/brave-instrumentation-jms/5.9.0/brave-instrumentation-jms-5.9.0.jar:/home/nicolas/.m2/repository/io/zipkin/reporter2/zipkin-reporter-metrics-micrometer/2.11.0/zipkin-reporter-metrics-micrometer-2.11.0.jar:/home/nicolas/.m2/repository/org/springframework/cloud/spring-cloud-starter-zipkin/2.2.0.RELEASE/spring-cloud-starter-zipkin-2.2.0.RELEASE.jar:/home/nicolas/.m2/repository/org/springframework/cloud/spring-cloud-sleuth-zipkin/2.2.0.RELEASE/spring-cloud-sleuth-zipkin-2.2.0.RELEASE.jar:/home/nicolas/.m2/repository/io/zipkin/zipkin2/zipkin/2.19.0/zipkin-2.19.0.jar:/home/nicolas/.m2/repository/io/zipkin/reporter2/zipkin-reporter/2.11.0/zipkin-reporter-2.11.0.jar:/home/nicolas/.m2/repository/io/zipkin/reporter2/zipkin-sender-kafka/2.11.0/zipkin-sender-kafka-2.11.0.jar:/home/nicolas/.m2/repository/io/zipkin/reporter2/zipkin-sender-activemq-client/2.11.0/zipkin-sender-activemq-client-2.11.0.jar:/home/nicolas/.m2/repository/io/zipkin/reporter2/zipkin-sender-amqp-client/2.11.0/zipkin-sender-amqp-client-2.11.0.jar:/home/nicolas/.m2/repository/org/springframework/cloud/spring-cloud-netflix-eureka-client/2.2.0.RELEASE/spring-cloud-netflix-eureka-client-2.2.0.RELEASE.jar:/home/nicolas/.m2/repository/cl/amisoft/pjud/unificado/unificado-commons-utils/1.0.4-SNAPSHOT/unificado-commons-utils-1.0.4-SNAPSHOT.jar:/home/nicolas/.m2/repository/org/springframework/security/spring-security-web/5.3.6.RELEASE/spring-security-web-5.3.6.RELEASE.jar:/home/nicolas/.m2/repository/org/springframework/security/spring-security-core/5.3.6.RELEASE/spring-security-core-5.3.6.RELEASE.jar:/home/nicolas/.m2/repository/commons-beanutils/commons-beanutils/1.9.3/commons-beanutils-1.9.3.jar:/home/nicolas/.m2/repository/commons-logging/commons-logging/1.2/commons-logging-1.2.jar:/home/nicolas/.m2/repository/commons-collections/commons-collections/3.2.2/commons-collections-3.2.2.jar:/home/nicolas/.m2/repository/commons-codec/commons-codec/1.14/commons-codec-1.14.jar:/home/nicolas/.m2/repository/commons-io/commons-io/2.4/commons-io-2.4.jar:/home/nicolas/.m2/repository/commons-lang/commons-lang/2.6/commons-lang-2.6.jar:/home/nicolas/.m2/repository/io/github/openfeign/feign-core/10.4.0/feign-core-10.4.0.jar:/home/nicolas/.m2/repository/org/springframework/boot/spring-boot-starter-webflux/2.3.8.RELEASE/spring-boot-starter-webflux-2.3.8.RELEASE.jar:/home/nicolas/.m2/repository/org/springframework/boot/spring-boot-starter-reactor-netty/2.3.8.RELEASE/spring-boot-starter-reactor-netty-2.3.8.RELEASE.jar:/home/nicolas/.m2/repository/io/projectreactor/netty/reactor-netty/0.9.16.RELEASE/reactor-netty-0.9.16.RELEASE.jar:/home/nicolas/.m2/repository/io/netty/netty-codec-http/4.1.58.Final/netty-codec-http-4.1.58.Final.jar:/home/nicolas/.m2/repository/io/netty/netty-common/4.1.58.Final/netty-common-4.1.58.Final.jar:/home/nicolas/.m2/repository/io/netty/netty-buffer/4.1.58.Final/netty-buffer-4.1.58.Final.jar:/home/nicolas/.m2/repository/io/netty/netty-transport/4.1.58.Final/netty-transport-4.1.58.Final.jar:/home/nicolas/.m2/repository/io/netty/netty-codec/4.1.58.Final/netty-codec-4.1.58.Final.jar:/home/nicolas/.m2/repository/io/netty/netty-codec-http2/4.1.58.Final/netty-codec-http2-4.1.58.Final.jar:/home/nicolas/.m2/repository/io/netty/netty-handler/4.1.58.Final/netty-handler-4.1.58.Final.jar:/home/nicolas/.m2/repository/io/netty/netty-resolver/4.1.58.Final/netty-resolver-4.1.58.Final.jar:/home/nicolas/.m2/repository/io/netty/netty-handler-proxy/4.1.58.Final/netty-handler-proxy-4.1.58.Final.jar:/home/nicolas/.m2/repository/io/netty/netty-codec-socks/4.1.58.Final/netty-codec-socks-4.1.58.Final.jar:/home/nicolas/.m2/repository/io/netty/netty-transport-native-epoll/4.1.58.Final/netty-transport-native-epoll-4.1.58.Final-linux-x86_64.jar:/home/nicolas/.m2/repository/io/netty/netty-transport-native-unix-common/4.1.58.Final/netty-transport-native-unix-common-4.1.58.Final.jar:/home/nicolas/.m2/repository/org/springframework/spring-webflux/5.2.12.RELEASE/spring-webflux-5.2.12.RELEASE.jar:/home/nicolas/.m2/repository/io/projectreactor/reactor-core/3.3.13.RELEASE/reactor-core-3.3.13.RELEASE.jar:/home/nicolas/.m2/repository/org/synchronoss/cloud/nio-multipart-parser/1.1.0/nio-multipart-parser-1.1.0.jar:/home/nicolas/.m2/repository/org/synchronoss/cloud/nio-stream-storage/1.1.3/nio-stream-storage-1.1.3.jar:/home/nicolas/.m2/repository/io/micrometer/micrometer-registry-prometheus/1.6.5/micrometer-registry-prometheus-1.6.5.jar:/home/nicolas/.m2/repository/io/prometheus/simpleclient_common/0.9.0/simpleclient_common-0.9.0.jar:/home/nicolas/.m2/repository/io/prometheus/simpleclient/0.9.0/simpleclient-0.9.0.jar:/home/nicolas/.m2/repository/org/springframework/cloud/spring-cloud-starter-contract-verifier/2.2.0.RELEASE/spring-cloud-starter-contract-verifier-2.2.0.RELEASE.jar:/home/nicolas/.m2/repository/org/springframework/cloud/spring-cloud-contract-verifier/2.2.0.RELEASE/spring-cloud-contract-verifier-2.2.0.RELEASE.jar:/home/nicolas/.m2/repository/org/springframework/cloud/spring-cloud-contract-spec/2.2.0.RELEASE/spring-cloud-contract-spec-2.2.0.RELEASE.jar:/home/nicolas/.m2/repository/org/springframework/cloud/spring-cloud-contract-spec-java/2.2.0.RELEASE/spring-cloud-contract-spec-java-2.2.0.RELEASE.jar:/home/nicolas/.m2/repository/dk/brics/automaton/automaton/1.11-8/automaton-1.11-8.jar:/home/nicolas/.m2/repository/org/apache/commons/commons-text/1.7/commons-text-1.7.jar:/home/nicolas/.m2/repository/org/springframework/cloud/spring-cloud-contract-spec-groovy/2.2.0.RELEASE/spring-cloud-contract-spec-groovy-2.2.0.RELEASE.jar:/home/nicolas/.m2/repository/org/springframework/cloud/spring-cloud-contract-shade/2.2.0.RELEASE/spring-cloud-contract-shade-2.2.0.RELEASE.jar:/home/nicolas/.m2/repository/com/github/tomakehurst/wiremock-jre8-standalone/2.25.1/wiremock-jre8-standalone-2.25.1.jar:/home/nicolas/.m2/repository/org/apache/maven/resolver/maven-resolver-api/1.3.3/maven-resolver-api-1.3.3.jar:/home/nicolas/.m2/repository/com/rackspace/eclipse/webtools/sourceediting/org.eclipse.wst.xml.xpath2.processor/2.1.100/org.eclipse.wst.xml.xpath2.processor-2.1.100.jar:/home/nicolas/.m2/repository/edu/princeton/cup/java-cup/10k/java-cup-10k.jar:/home/nicolas/.m2/repository/com/ibm/icu/icu4j/4.6/icu4j-4.6.jar:/home/nicolas/.m2/repository/org/codehaus/groovy/groovy/2.5.14/groovy-2.5.14.jar:/home/nicolas/.m2/repository/org/codehaus/groovy/groovy-nio/2.5.14/groovy-nio-2.5.14.jar:/home/nicolas/.m2/repository/org/codehaus/groovy/groovy-json/2.5.14/groovy-json-2.5.14.jar:/home/nicolas/.m2/repository/org/codehaus/groovy/groovy-xml/2.5.14/groovy-xml-2.5.14.jar:/home/nicolas/.m2/repository/com/github/jknack/handlebars/4.1.2/handlebars-4.1.2.jar:/home/nicolas/.m2/repository/com/fasterxml/jackson/dataformat/jackson-dataformat-yaml/2.11.4/jackson-dataformat-yaml-2.11.4.jar:/home/nicolas/.m2/repository/org/springframework/cloud/spring-cloud-function-compiler/3.0.0.RELEASE/spring-cloud-function-compiler-3.0.0.RELEASE.jar:/home/nicolas/.m2/repository/org/eclipse/jdt/core/compiler/ecj/4.4.2/ecj-4.4.2.jar:/home/nicolas/.m2/repository/org/springframework/cloud/spring-cloud-function-core/3.0.0.RELEASE/spring-cloud-function-core-3.0.0.RELEASE.jar:/home/nicolas/.m2/repository/io/rest-assured/rest-assured/3.3.0/rest-assured-3.3.0.jar:/home/nicolas/.m2/repository/org/apache/httpcomponents/httpmime/4.5.13/httpmime-4.5.13.jar:/home/nicolas/.m2/repository/org/hamcrest/hamcrest-core/2.2/hamcrest-core-2.2.jar:/home/nicolas/.m2/repository/org/hamcrest/hamcrest-library/2.2/hamcrest-library-2.2.jar:/home/nicolas/.m2/repository/org/ccil/cowan/tagsoup/tagsoup/1.2.1/tagsoup-1.2.1.jar:/home/nicolas/.m2/repository/io/rest-assured/json-path/3.3.0/json-path-3.3.0.jar:/home/nicolas/.m2/repository/io/rest-assured/rest-assured-common/3.3.0/rest-assured-common-3.3.0.jar:/home/nicolas/.m2/repository/io/rest-assured/xml-path/3.3.0/xml-path-3.3.0.jar:/home/nicolas/.m2/repository/javax/xml/bind/jaxb-api/2.3.1/jaxb-api-2.3.1.jar:/home/nicolas/.m2/repository/javax/activation/javax.activation-api/1.2.0/javax.activation-api-1.2.0.jar:/home/nicolas/.m2/repository/com/sun/xml/bind/jaxb-osgi/2.2.10/jaxb-osgi-2.2.10.jar:/home/nicolas/.m2/repository/org/apache/sling/org.apache.sling.javax.activation/0.1.0/org.apache.sling.javax.activation-0.1.0.jar:/home/nicolas/.m2/repository/javax/activation/activation/1.1.1/activation-1.1.1.jar:/home/nicolas/.m2/repository/io/rest-assured/spring-mock-mvc/3.3.0/spring-mock-mvc-3.3.0.jar:/home/nicolas/.m2/repository/io/rest-assured/spring-commons/3.3.0/spring-commons-3.3.0.jar:/home/nicolas/.m2/repository/com/toomuchcoding/jsonassert/jsonassert/0.4.13/jsonassert-0.4.13.jar:/home/nicolas/.m2/repository/cglib/cglib/3.2.9/cglib-3.2.9.jar:/home/nicolas/.m2/repository/org/apache/ant/ant/1.10.3/ant-1.10.3.jar:/home/nicolas/.m2/repository/org/apache/ant/ant-launcher/1.10.3/ant-launcher-1.10.3.jar:"/>
    <property name="sun.cpu.endian" value="little"/>
    <property name="user.home" value="/home/nicolas"/>
    <property name="user.language" value="es"/>
    <property name="java.specification.vendor" value="Oracle Corporation"/>
    <property name="java.home" value="/usr/lib/jvm/jdk1.8.0_281/jre"/>
    <property name="basedir" value="/home/nicolas/Escritorio/Amisoft/Unificado/Git/prueba-integracion-continua/Microservicio"/>
    <property name="file.separator" value="/"/>
    <property name="line.separator" value="&#10;"/>
    <property name="java.vm.specification.vendor" value="Oracle Corporation"/>
    <property name="java.specification.name" value="Java Platform API Specification"/>
    <property name="java.awt.graphicsenv" value="sun.awt.X11GraphicsEnvironment"/>
    <property name="surefire.real.class.path" value="/home/nicolas/Escritorio/Amisoft/Unificado/Git/prueba-integracion-continua/Microservicio/target/surefire/surefirebooter1634454034313324813.jar:/home/nicolas/.m2/repository/org/jacoco/org.jacoco.agent/0.8.2/org.jacoco.agent-0.8.2-runtime.jar"/>
    <property name="sun.boot.class.path" value="/usr/lib/jvm/jdk1.8.0_281/jre/lib/resources.jar:/usr/lib/jvm/jdk1.8.0_281/jre/lib/rt.jar:/usr/lib/jvm/jdk1.8.0_281/jre/lib/sunrsasign.jar:/usr/lib/jvm/jdk1.8.0_281/jre/lib/jsse.jar:/usr/lib/jvm/jdk1.8.0_281/jre/lib/jce.jar:/usr/lib/jvm/jdk1.8.0_281/jre/lib/charsets.jar:/usr/lib/jvm/jdk1.8.0_281/jre/lib/jfr.jar:/usr/lib/jvm/jdk1.8.0_281/jre/classes"/>
    <property name="sun.management.compiler" value="HotSpot 64-Bit Tiered Compilers"/>
    <property name="java.runtime.version" value="1.8.0_281-b09"/>
    <property name="user.name" value="nicolas"/>
    <property name="path.separator" value=":"/>
    <property name="os.version" value="5.4.0-58-generic"/>
    <property name="java.endorsed.dirs" value="/usr/lib/jvm/jdk1.8.0_281/jre/lib/endorsed"/>
    <property name="java.runtime.name" value="Java(TM) SE Runtime Environment"/>
    <property name="file.encoding" value="UTF-8"/>
    <property name="java.vm.name" value="Java HotSpot(TM) 64-Bit Server VM"/>
    <property name="localRepository" value="/home/nicolas/.m2/repository"/>
    <property name="java.vendor.url.bug" value="http://bugreport.sun.com/bugreport/"/>
    <property name="java.io.tmpdir" value="/tmp"/>
    <property name="java.version" value="1.8.0_281"/>
    <property name="user.dir" value="/home/nicolas/Escritorio/Amisoft/Unificado/Git/prueba-integracion-continua/Microservicio"/>
    <property name="os.arch" value="amd64"/>
    <property name="java.vm.specification.name" value="Java Virtual Machine Specification"/>
    <property name="java.awt.printerjob" value="sun.print.PSPrinterJob"/>
    <property name="sun.os.patch.level" value="unknown"/>
    <property name="java.library.path" value="/usr/java/packages/lib/amd64:/usr/lib64:/lib64:/lib:/usr/lib"/>
    <property name="java.vm.info" value="mixed mode"/>
    <property name="java.vendor" value="Oracle Corporation"/>
    <property name="java.vm.version" value="25.281-b09"/>
    <property name="java.ext.dirs" value="/usr/lib/jvm/jdk1.8.0_281/jre/lib/ext:/usr/java/packages/lib/ext"/>
    <property name="sun.io.unicode.encoding" value="UnicodeLittle"/>
    <property name="java.class.version" value="52.0"/>
  </properties>
  <testcase name="validate_find_product_by_id" classname="com.formacionbdi.springboot.app.productos.ProductsTest" time="3.77"/>
</testsuite>